[2018-12-11 23:12:06,715] - gettestdata.py - 35 - 获取数据 - INFO - 获取D:\Documents\pica_test\data\case.xlsx内第1个sheet(工作表)的测试数据
[2018-12-11 23:12:06,715] - gettestdata.py - 36 - 获取数据 - INFO - 测试数据listdata：[{'assert': '请输入正确的手机号', 'module': '登录', 'case_name': 'name_err', 'pwd': 'aaaa1111', 'username': 'u4272320562', 'suc': 'name_err'}, {'assert': '请输入手机号', 'module': '登录', 'case_name': 'name_null', 'pwd': 'aaaa1111', 'username': '', 'suc': 'name_err'}, {'assert': '手机号或密码不正确！', 'module': '登录', 'case_name': 'pwd_err', 'pwd': 'liwanlei11', 'username': '15607241351', 'suc': 'pwd_err'}, {'assert': '请输入密码', 'module': '登录', 'case_name': 'pwd_null', 'pwd': '', 'username': '15607241351', 'suc': 'pwd_err'}, {'assert': '个人资料', 'module': '登录', 'case_name': 'login_ succeed', 'pwd': 'aaa111', 'username': '15607241351', 'suc': 'succeed'}]
[2018-12-11 23:12:08,917] - test_star_end.py - 17 - 初始化 - INFO - 启动
[2018-12-11 23:12:08,929] - login_obj.py - 29 - 登陆页面对象 - INFO - 调用login()
[2018-12-11 23:12:08,930] - selse_feng.py - 95 - 页面对象 - INFO - 打开网页[https://www.yunqueyi.com/]
[2018-12-11 23:12:14,752] - selse_feng.py - 99 - 页面对象 - INFO - 最大化浏览器
[2018-12-11 23:12:16,123] - selse_feng.py - 144 - 页面对象 - INFO - 点击[xpath]为[//*[@id="login"]/li[1]/span]的元素
[2018-12-11 23:12:17,400] - selse_feng.py - 111 - 页面对象 - INFO - 在[name]为[mobile]的元素内输入[u4272320562]
[2018-12-11 23:12:17,572] - selse_feng.py - 111 - 页面对象 - INFO - 在[xpath]为[//*[@id="ng-app"]/body/div[15]/div/div/div[4]/form/div[3]/input]的元素内输入[aaaa1111]
[2018-12-11 23:12:17,684] - selse_feng.py - 144 - 页面对象 - INFO - 点击[xpath]为[//*[@id="ng-app"]/body/div[15]/div/div/div[4]/form/div[7]/button[1]]的元素
[2018-12-11 23:12:17,684] - selse_feng.py - 216 - 页面对象 - INFO - 进入get_text()方法
[2018-12-11 23:12:17,751] - selse_feng.py - 224 - 页面对象 - INFO - 获取[xpath]为[//*[@id="ng-app"]/body/div[15]/div/div/div[4]/form/div[1]/span[2]]元素的文本值,return:[请输入正确的手机号]
[2018-12-11 23:12:17,766] - login_obj.py - 39 - 登陆页面对象 - INFO - 调用login()结束；return:[请输入正确的手机号]
[2018-12-11 23:12:17,767] - login_test.py - 22 - 登陆测试 - INFO - 断言预期结果:[请输入正确的手机号]是否等于实际结果:[请输入正确的手机号]
[2018-12-11 23:12:17,768] - selse_feng.py - 244 - 页面对象 - INFO - 获取当前窗口的截图保存为一个base64编码的字符串。
[2018-12-11 23:12:18,313] - selse_feng.py - 193 - 页面对象 - INFO - 关闭浏览器
[2018-12-11 23:12:22,836] - test_star_end.py - 17 - 初始化 - INFO - 启动
[2018-12-11 23:12:22,856] - login_obj.py - 29 - 登陆页面对象 - INFO - 调用login()
[2018-12-11 23:12:22,858] - selse_feng.py - 95 - 页面对象 - INFO - 打开网页[https://www.yunqueyi.com/]
[2018-12-11 23:12:26,595] - selse_feng.py - 99 - 页面对象 - INFO - 最大化浏览器
[2018-12-11 23:12:28,053] - selse_feng.py - 144 - 页面对象 - INFO - 点击[xpath]为[//*[@id="login"]/li[1]/span]的元素
[2018-12-11 23:12:29,278] - selse_feng.py - 111 - 页面对象 - INFO - 在[name]为[mobile]的元素内输入[]
[2018-12-11 23:12:29,513] - selse_feng.py - 111 - 页面对象 - INFO - 在[xpath]为[//*[@id="ng-app"]/body/div[15]/div/div/div[4]/form/div[3]/input]的元素内输入[aaaa1111]
[2018-12-11 23:12:29,629] - selse_feng.py - 144 - 页面对象 - INFO - 点击[xpath]为[//*[@id="ng-app"]/body/div[15]/div/div/div[4]/form/div[7]/button[1]]的元素
[2018-12-11 23:12:29,629] - selse_feng.py - 216 - 页面对象 - INFO - 进入get_text()方法
[2018-12-11 23:12:29,702] - selse_feng.py - 224 - 页面对象 - INFO - 获取[xpath]为[//*[@id="ng-app"]/body/div[15]/div/div/div[4]/form/div[1]/span[2]]元素的文本值,return:[请输入手机号]
[2018-12-11 23:12:29,714] - login_obj.py - 39 - 登陆页面对象 - INFO - 调用login()结束；return:[请输入手机号]
[2018-12-11 23:12:29,715] - login_test.py - 22 - 登陆测试 - INFO - 断言预期结果:[请输入手机号]是否等于实际结果:[请输入手机号]
[2018-12-11 23:12:29,716] - selse_feng.py - 244 - 页面对象 - INFO - 获取当前窗口的截图保存为一个base64编码的字符串。
[2018-12-11 23:12:30,351] - selse_feng.py - 193 - 页面对象 - INFO - 关闭浏览器
[2018-12-11 23:12:35,849] - test_star_end.py - 17 - 初始化 - INFO - 启动
[2018-12-11 23:12:35,860] - login_obj.py - 29 - 登陆页面对象 - INFO - 调用login()
[2018-12-11 23:12:35,861] - selse_feng.py - 95 - 页面对象 - INFO - 打开网页[https://www.yunqueyi.com/]
[2018-12-11 23:12:39,241] - selse_feng.py - 99 - 页面对象 - INFO - 最大化浏览器
[2018-12-11 23:12:40,794] - selse_feng.py - 144 - 页面对象 - INFO - 点击[xpath]为[//*[@id="login"]/li[1]/span]的元素
[2018-12-11 23:12:42,091] - selse_feng.py - 111 - 页面对象 - INFO - 在[name]为[mobile]的元素内输入[15607241351]
[2018-12-11 23:12:42,266] - selse_feng.py - 111 - 页面对象 - INFO - 在[xpath]为[//*[@id="ng-app"]/body/div[15]/div/div/div[4]/form/div[3]/input]的元素内输入[liwanlei11]
[2018-12-11 23:12:42,373] - selse_feng.py - 144 - 页面对象 - INFO - 点击[xpath]为[//*[@id="ng-app"]/body/div[15]/div/div/div[4]/form/div[7]/button[1]]的元素
[2018-12-11 23:12:42,374] - selse_feng.py - 216 - 页面对象 - INFO - 进入get_text()方法
[2018-12-11 23:12:45,443] - selse_feng.py - 221 - 页面对象 - INFO - -重试-获取[xpath]为[//*[@id="ng-app"]/body/div[15]/div/div/div[4]/form/div[3]/span[4]]元素的文本值,return:[手机号或密码不正确！]
[2018-12-11 23:12:45,451] - login_obj.py - 43 - 登陆页面对象 - INFO - 调用login()结束；return:[手机号或密码不正确！]
[2018-12-11 23:12:45,452] - login_test.py - 22 - 登陆测试 - INFO - 断言预期结果:[手机号或密码不正确！]是否等于实际结果:[手机号或密码不正确！]
[2018-12-11 23:12:45,452] - selse_feng.py - 244 - 页面对象 - INFO - 获取当前窗口的截图保存为一个base64编码的字符串。
[2018-12-11 23:12:45,804] - selse_feng.py - 193 - 页面对象 - INFO - 关闭浏览器
[2018-12-11 23:12:50,180] - test_star_end.py - 17 - 初始化 - INFO - 启动
[2018-12-11 23:12:50,207] - login_obj.py - 29 - 登陆页面对象 - INFO - 调用login()
[2018-12-11 23:12:50,209] - selse_feng.py - 95 - 页面对象 - INFO - 打开网页[https://www.yunqueyi.com/]
[2018-12-11 23:12:54,382] - selse_feng.py - 99 - 页面对象 - INFO - 最大化浏览器
[2018-12-11 23:12:55,805] - selse_feng.py - 144 - 页面对象 - INFO - 点击[xpath]为[//*[@id="login"]/li[1]/span]的元素
[2018-12-11 23:12:57,047] - selse_feng.py - 111 - 页面对象 - INFO - 在[name]为[mobile]的元素内输入[15607241351]
[2018-12-11 23:12:57,168] - selse_feng.py - 111 - 页面对象 - INFO - 在[xpath]为[//*[@id="ng-app"]/body/div[15]/div/div/div[4]/form/div[3]/input]的元素内输入[]
[2018-12-11 23:12:57,251] - selse_feng.py - 144 - 页面对象 - INFO - 点击[xpath]为[//*[@id="ng-app"]/body/div[15]/div/div/div[4]/form/div[7]/button[1]]的元素
[2018-12-11 23:12:57,252] - selse_feng.py - 216 - 页面对象 - INFO - 进入get_text()方法
[2018-12-11 23:12:57,317] - selse_feng.py - 224 - 页面对象 - INFO - 获取[xpath]为[//*[@id="ng-app"]/body/div[15]/div/div/div[4]/form/div[3]/span[4]]元素的文本值,return:[请输入密码]
[2018-12-11 23:12:57,327] - login_obj.py - 43 - 登陆页面对象 - INFO - 调用login()结束；return:[请输入密码]
[2018-12-11 23:12:57,328] - login_test.py - 22 - 登陆测试 - INFO - 断言预期结果:[请输入密码]是否等于实际结果:[请输入密码]
[2018-12-11 23:12:57,328] - selse_feng.py - 244 - 页面对象 - INFO - 获取当前窗口的截图保存为一个base64编码的字符串。
[2018-12-11 23:12:57,843] - selse_feng.py - 193 - 页面对象 - INFO - 关闭浏览器
[2018-12-11 23:13:02,329] - test_star_end.py - 17 - 初始化 - INFO - 启动
[2018-12-11 23:13:02,346] - login_obj.py - 29 - 登陆页面对象 - INFO - 调用login()
[2018-12-11 23:13:02,347] - selse_feng.py - 95 - 页面对象 - INFO - 打开网页[https://www.yunqueyi.com/]
[2018-12-11 23:13:05,926] - selse_feng.py - 99 - 页面对象 - INFO - 最大化浏览器
[2018-12-11 23:13:07,330] - selse_feng.py - 144 - 页面对象 - INFO - 点击[xpath]为[//*[@id="login"]/li[1]/span]的元素
[2018-12-11 23:13:08,566] - selse_feng.py - 111 - 页面对象 - INFO - 在[name]为[mobile]的元素内输入[15607241351]
[2018-12-11 23:13:08,722] - selse_feng.py - 111 - 页面对象 - INFO - 在[xpath]为[//*[@id="ng-app"]/body/div[15]/div/div/div[4]/form/div[3]/input]的元素内输入[aaa111]
[2018-12-11 23:13:08,803] - selse_feng.py - 144 - 页面对象 - INFO - 点击[xpath]为[//*[@id="ng-app"]/body/div[15]/div/div/div[4]/form/div[7]/button[1]]的元素
[2018-12-11 23:13:10,804] - selse_feng.py - 158 - 页面对象 - INFO - 进入move_element()方法
[2018-12-11 23:13:10,841] - selse_feng.py - 161 - 页面对象 - INFO - 鼠标移动到[id]为[personalImgUrl]的元素
[2018-12-11 23:13:10,841] - selse_feng.py - 216 - 页面对象 - INFO - 进入get_text()方法
[2018-12-11 23:13:10,916] - selse_feng.py - 224 - 页面对象 - INFO - 获取[link_text]为[个人资料]元素的文本值,return:[个人资料]
[2018-12-11 23:13:10,926] - login_obj.py - 48 - 登陆页面对象 - INFO - 调用login()结束；return:[个人资料]
[2018-12-11 23:13:10,927] - login_test.py - 22 - 登陆测试 - INFO - 断言预期结果:[个人资料]是否等于实际结果:[个人资料]
[2018-12-11 23:13:10,927] - selse_feng.py - 244 - 页面对象 - INFO - 获取当前窗口的截图保存为一个base64编码的字符串。
[2018-12-11 23:13:11,343] - selse_feng.py - 193 - 页面对象 - INFO - 关闭浏览器
