[2018-12-07 18:36:25,372] - gettestdata.py - 35 - 获取数据 - INFO - 获取C:\Users\PicaHealth\Desktop\projects\pica_test\data\case.xlsx内第1个sheet(工作表)的测试数据
[2018-12-07 18:36:25,373] - gettestdata.py - 36 - 获取数据 - INFO - 测试数据listdata：[{'module': '登录', 'id': 'login1', 'username': 'u4272320562', 'pwd': 'aaaa1111', 'suc': 'name_err', 'assert': '请输入正确的手机号'}, {'module': '登录', 'id': 'login2', 'username': '', 'pwd': 'aaaa1111', 'suc': 'name_err', 'assert': '请输入手机号'}, {'module': '登录', 'id': 'login3', 'username': '15607241351', 'pwd': 'liwanlei11', 'suc': 'pwd_err', 'assert': '手机号或密码不正确！'}, {'module': '登录', 'id': 'login4', 'username': '15607241351', 'pwd': '', 'suc': 'pwd_err', 'assert': '请输入密码'}, {'module': '登录', 'id': 'login5', 'username': '15607241351', 'pwd': 'aaa111', 'suc': 'succeed', 'assert': '个人资料'}]
[2018-12-07 18:36:30,069] - test_star_end.py - 17 - 初始化 - INFO - 启动
[2018-12-07 18:36:30,094] - login_obj.py - 29 - 登陆页面对象 - INFO - 调用login()
[2018-12-07 18:36:30,101] - selse_feng.py - 95 - 页面对象 - INFO - 打开网页[https://www.yunqueyi.com/]
[2018-12-07 18:36:31,341] - selse_feng.py - 99 - 页面对象 - INFO - 最大化浏览器
[2018-12-07 18:36:32,649] - selse_feng.py - 144 - 页面对象 - INFO - 点击[xpath]为[//*[@id="login"]/li[1]/span]的元素
[2018-12-07 18:36:34,047] - selse_feng.py - 111 - 页面对象 - INFO - 在[name]为[mobile]的元素内输入[u4272320562]
[2018-12-07 18:36:34,250] - selse_feng.py - 111 - 页面对象 - INFO - 在[xpath]为[//*[@id="ng-app"]/body/div[15]/div/div/div[4]/form/div[3]/input]的元素内输入[aaaa1111]
[2018-12-07 18:36:34,377] - selse_feng.py - 144 - 页面对象 - INFO - 点击[xpath]为[//*[@id="ng-app"]/body/div[15]/div/div/div[4]/form/div[7]/button[1]]的元素
[2018-12-07 18:36:34,378] - selse_feng.py - 216 - 页面对象 - INFO - 进入get_text()方法
[2018-12-07 18:36:34,592] - selse_feng.py - 224 - 页面对象 - INFO - 获取[xpath]为[//*[@id="ng-app"]/body/div[15]/div/div/div[4]/form/div[1]/span[2]]元素的文本值,return:[请输入正确的手机号]
[2018-12-07 18:36:34,606] - login_obj.py - 39 - 登陆页面对象 - INFO - 调用login()结束；return:[请输入正确的手机号]
[2018-12-07 18:36:34,614] - login_test.py - 22 - 登陆测试 - INFO - 断言预期结果:[请输入正确的手机号]是否等于实际结果:[请输入正确的手机号]
[2018-12-07 18:36:34,614] - selse_feng.py - 244 - 页面对象 - INFO - 获取当前窗口的截图保存为一个base64编码的字符串。
[2018-12-07 18:36:35,403] - selse_feng.py - 193 - 页面对象 - INFO - 关闭浏览器
[2018-12-07 18:36:43,385] - test_star_end.py - 17 - 初始化 - INFO - 启动
[2018-12-07 18:36:43,400] - login_obj.py - 29 - 登陆页面对象 - INFO - 调用login()
[2018-12-07 18:36:43,405] - selse_feng.py - 95 - 页面对象 - INFO - 打开网页[https://www.yunqueyi.com/]
[2018-12-07 18:36:44,340] - selse_feng.py - 99 - 页面对象 - INFO - 最大化浏览器
[2018-12-07 18:36:45,590] - selse_feng.py - 144 - 页面对象 - INFO - 点击[xpath]为[//*[@id="login"]/li[1]/span]的元素
[2018-12-07 18:36:46,810] - selse_feng.py - 111 - 页面对象 - INFO - 在[name]为[mobile]的元素内输入[]
[2018-12-07 18:36:47,000] - selse_feng.py - 111 - 页面对象 - INFO - 在[xpath]为[//*[@id="ng-app"]/body/div[15]/div/div/div[4]/form/div[3]/input]的元素内输入[aaaa1111]
[2018-12-07 18:36:47,089] - selse_feng.py - 144 - 页面对象 - INFO - 点击[xpath]为[//*[@id="ng-app"]/body/div[15]/div/div/div[4]/form/div[7]/button[1]]的元素
[2018-12-07 18:36:47,089] - selse_feng.py - 216 - 页面对象 - INFO - 进入get_text()方法
[2018-12-07 18:36:47,175] - selse_feng.py - 224 - 页面对象 - INFO - 获取[xpath]为[//*[@id="ng-app"]/body/div[15]/div/div/div[4]/form/div[1]/span[2]]元素的文本值,return:[请输入手机号]
[2018-12-07 18:36:47,189] - login_obj.py - 39 - 登陆页面对象 - INFO - 调用login()结束；return:[请输入手机号]
[2018-12-07 18:36:47,199] - login_test.py - 22 - 登陆测试 - INFO - 断言预期结果:[请输入手机号]是否等于实际结果:[请输入手机号]
[2018-12-07 18:36:47,199] - selse_feng.py - 244 - 页面对象 - INFO - 获取当前窗口的截图保存为一个base64编码的字符串。
[2018-12-07 18:36:48,150] - selse_feng.py - 193 - 页面对象 - INFO - 关闭浏览器
[2018-12-07 18:36:56,061] - test_star_end.py - 17 - 初始化 - INFO - 启动
[2018-12-07 18:36:56,081] - login_obj.py - 29 - 登陆页面对象 - INFO - 调用login()
[2018-12-07 18:36:56,087] - selse_feng.py - 95 - 页面对象 - INFO - 打开网页[https://www.yunqueyi.com/]
[2018-12-07 18:36:56,950] - selse_feng.py - 99 - 页面对象 - INFO - 最大化浏览器
[2018-12-07 18:36:58,246] - selse_feng.py - 144 - 页面对象 - INFO - 点击[xpath]为[//*[@id="login"]/li[1]/span]的元素
[2018-12-07 18:36:59,580] - selse_feng.py - 111 - 页面对象 - INFO - 在[name]为[mobile]的元素内输入[15607241351]
[2018-12-07 18:36:59,753] - selse_feng.py - 111 - 页面对象 - INFO - 在[xpath]为[//*[@id="ng-app"]/body/div[15]/div/div/div[4]/form/div[3]/input]的元素内输入[liwanlei11]
[2018-12-07 18:36:59,842] - selse_feng.py - 144 - 页面对象 - INFO - 点击[xpath]为[//*[@id="ng-app"]/body/div[15]/div/div/div[4]/form/div[7]/button[1]]的元素
[2018-12-07 18:36:59,842] - selse_feng.py - 216 - 页面对象 - INFO - 进入get_text()方法
[2018-12-07 18:37:02,939] - selse_feng.py - 221 - 页面对象 - INFO - -重试-获取[xpath]为[//*[@id="ng-app"]/body/div[15]/div/div/div[4]/form/div[3]/span[4]]元素的文本值,return:[手机号或密码不正确！]
[2018-12-07 18:37:02,949] - login_obj.py - 43 - 登陆页面对象 - INFO - 调用login()结束；return:[手机号或密码不正确！]
[2018-12-07 18:37:02,956] - login_test.py - 22 - 登陆测试 - INFO - 断言预期结果:[手机号或密码不正确！]是否等于实际结果:[手机号或密码不正确！]
[2018-12-07 18:37:02,957] - selse_feng.py - 244 - 页面对象 - INFO - 获取当前窗口的截图保存为一个base64编码的字符串。
[2018-12-07 18:37:03,541] - selse_feng.py - 193 - 页面对象 - INFO - 关闭浏览器
[2018-12-07 18:37:11,508] - test_star_end.py - 17 - 初始化 - INFO - 启动
[2018-12-07 18:37:11,531] - login_obj.py - 29 - 登陆页面对象 - INFO - 调用login()
[2018-12-07 18:37:11,540] - selse_feng.py - 95 - 页面对象 - INFO - 打开网页[https://www.yunqueyi.com/]
[2018-12-07 18:37:12,462] - selse_feng.py - 99 - 页面对象 - INFO - 最大化浏览器
[2018-12-07 18:37:13,781] - selse_feng.py - 144 - 页面对象 - INFO - 点击[xpath]为[//*[@id="login"]/li[1]/span]的元素
[2018-12-07 18:37:15,100] - selse_feng.py - 111 - 页面对象 - INFO - 在[name]为[mobile]的元素内输入[15607241351]
[2018-12-07 18:37:15,211] - selse_feng.py - 111 - 页面对象 - INFO - 在[xpath]为[//*[@id="ng-app"]/body/div[15]/div/div/div[4]/form/div[3]/input]的元素内输入[]
[2018-12-07 18:37:15,300] - selse_feng.py - 144 - 页面对象 - INFO - 点击[xpath]为[//*[@id="ng-app"]/body/div[15]/div/div/div[4]/form/div[7]/button[1]]的元素
[2018-12-07 18:37:15,301] - selse_feng.py - 216 - 页面对象 - INFO - 进入get_text()方法
[2018-12-07 18:37:15,373] - selse_feng.py - 224 - 页面对象 - INFO - 获取[xpath]为[//*[@id="ng-app"]/body/div[15]/div/div/div[4]/form/div[3]/span[4]]元素的文本值,return:[请输入密码]
[2018-12-07 18:37:15,383] - login_obj.py - 43 - 登陆页面对象 - INFO - 调用login()结束；return:[请输入密码]
[2018-12-07 18:37:15,389] - login_test.py - 22 - 登陆测试 - INFO - 断言预期结果:[请输入密码]是否等于实际结果:[请输入密码]
[2018-12-07 18:37:15,390] - selse_feng.py - 244 - 页面对象 - INFO - 获取当前窗口的截图保存为一个base64编码的字符串。
[2018-12-07 18:37:16,157] - selse_feng.py - 193 - 页面对象 - INFO - 关闭浏览器
[2018-12-07 18:37:24,057] - test_star_end.py - 17 - 初始化 - INFO - 启动
[2018-12-07 18:37:24,082] - login_obj.py - 29 - 登陆页面对象 - INFO - 调用login()
[2018-12-07 18:37:24,090] - selse_feng.py - 95 - 页面对象 - INFO - 打开网页[https://www.yunqueyi.com/]
[2018-12-07 18:37:24,964] - selse_feng.py - 99 - 页面对象 - INFO - 最大化浏览器
[2018-12-07 18:37:26,262] - selse_feng.py - 144 - 页面对象 - INFO - 点击[xpath]为[//*[@id="login"]/li[1]/span]的元素
[2018-12-07 18:37:27,592] - selse_feng.py - 111 - 页面对象 - INFO - 在[name]为[mobile]的元素内输入[15607241351]
[2018-12-07 18:37:27,788] - selse_feng.py - 111 - 页面对象 - INFO - 在[xpath]为[//*[@id="ng-app"]/body/div[15]/div/div/div[4]/form/div[3]/input]的元素内输入[aaa111]
[2018-12-07 18:37:27,901] - selse_feng.py - 144 - 页面对象 - INFO - 点击[xpath]为[//*[@id="ng-app"]/body/div[15]/div/div/div[4]/form/div[7]/button[1]]的元素
[2018-12-07 18:37:29,902] - selse_feng.py - 158 - 页面对象 - INFO - 进入move_element()方法
[2018-12-07 18:37:29,951] - selse_feng.py - 161 - 页面对象 - INFO - 鼠标移动到[id]为[personalImgUrl]的元素
[2018-12-07 18:37:29,951] - selse_feng.py - 216 - 页面对象 - INFO - 进入get_text()方法
[2018-12-07 18:37:30,060] - selse_feng.py - 224 - 页面对象 - INFO - 获取[link_text]为[个人资料]元素的文本值,return:[个人资料]
[2018-12-07 18:37:30,070] - login_obj.py - 48 - 登陆页面对象 - INFO - 调用login()结束；return:[个人资料]
[2018-12-07 18:37:30,077] - login_test.py - 22 - 登陆测试 - INFO - 断言预期结果:[个人资料]是否等于实际结果:[个人资料]
[2018-12-07 18:37:30,077] - selse_feng.py - 244 - 页面对象 - INFO - 获取当前窗口的截图保存为一个base64编码的字符串。
[2018-12-07 18:37:30,705] - selse_feng.py - 193 - 页面对象 - INFO - 关闭浏览器
