[2018-12-07 17:29:19,445] - gettestdata.py - 35 - 获取数据 - INFO - 获取C:\Users\PicaHealth\Desktop\pica_test-master\data\case.xlsx内第1个sheet(工作表)的测试数据
[2018-12-07 17:29:19,445] - gettestdata.py - 36 - 获取数据 - INFO - 测试数据listdata：[{'module': '登录', 'id': 'login1', 'username': 'u4272320562', 'pwd': 'aaaa1111', 'suc': 'name_err', 'assert': '请输入正确的手机号'}, {'module': '登录', 'id': 'login2', 'username': '', 'pwd': 'aaaa1111', 'suc': 'name_err', 'assert': '请输入手机号'}, {'module': '登录', 'id': 'login3', 'username': '15607241351', 'pwd': 'liwanlei11', 'suc': 'pwd_err', 'assert': '手机号或密码不正确！'}, {'module': '登录', 'id': 'login4', 'username': '15607241351', 'pwd': '', 'suc': 'pwd_err', 'assert': '请输入密码'}, {'module': '登录', 'id': 'login5', 'username': '15607241351', 'pwd': 'aaa111', 'suc': 'succeed', 'assert': '个人资料'}]
[2018-12-07 17:29:24,858] - test_star_end.py - 17 - 初始化 - INFO - 启动
[2018-12-07 17:29:24,885] - login_obj.py - 29 - 登陆页面对象 - INFO - 调用login()
[2018-12-07 17:29:24,892] - selse_feng.py - 95 - 页面对象 - INFO - 打开网页[https://www.yunqueyi.com/]
[2018-12-07 17:29:25,982] - selse_feng.py - 99 - 页面对象 - INFO - 最大化浏览器
[2018-12-07 17:29:27,312] - selse_feng.py - 144 - 页面对象 - INFO - 点击[xpath]为[//*[@id="login"]/li[1]/span]的元素
[2018-12-07 17:29:28,649] - selse_feng.py - 111 - 页面对象 - INFO - 在[name]为[mobile]的元素内输入[u4272320562]
[2018-12-07 17:29:28,818] - selse_feng.py - 111 - 页面对象 - INFO - 在[xpath]为[//*[@id="ng-app"]/body/div[15]/div/div/div[4]/form/div[3]/input]的元素内输入[aaaa1111]
[2018-12-07 17:29:28,899] - selse_feng.py - 144 - 页面对象 - INFO - 点击[xpath]为[//*[@id="ng-app"]/body/div[15]/div/div/div[4]/form/div[7]/button[1]]的元素
[2018-12-07 17:29:28,899] - selse_feng.py - 216 - 页面对象 - INFO - 进入get_text()方法
[2018-12-07 17:29:28,976] - selse_feng.py - 224 - 页面对象 - INFO - 获取[xpath]为[//*[@id="ng-app"]/body/div[15]/div/div/div[4]/form/div[1]/span[2]]元素的文本值,return:[请输入正确的手机号]
[2018-12-07 17:29:28,990] - login_obj.py - 39 - 登陆页面对象 - INFO - 调用login()结束；return:[请输入正确的手机号]
[2018-12-07 17:29:28,997] - login_test.py - 22 - 登陆测试 - INFO - 断言预期结果:[请输入正确的手机号]是否等于实际结果:[请输入正确的手机号]
[2018-12-07 17:29:28,997] - selse_feng.py - 244 - 页面对象 - INFO - 获取当前窗口的截图保存为一个base64编码的字符串。
[2018-12-07 17:29:29,824] - selse_feng.py - 193 - 页面对象 - INFO - 关闭浏览器
[2018-12-07 17:29:38,032] - test_star_end.py - 17 - 初始化 - INFO - 启动
[2018-12-07 17:29:38,058] - login_obj.py - 29 - 登陆页面对象 - INFO - 调用login()
[2018-12-07 17:29:38,065] - selse_feng.py - 95 - 页面对象 - INFO - 打开网页[https://www.yunqueyi.com/]
[2018-12-07 17:29:39,002] - selse_feng.py - 99 - 页面对象 - INFO - 最大化浏览器
[2018-12-07 17:29:40,269] - selse_feng.py - 144 - 页面对象 - INFO - 点击[xpath]为[//*[@id="login"]/li[1]/span]的元素
[2018-12-07 17:29:41,489] - selse_feng.py - 111 - 页面对象 - INFO - 在[name]为[mobile]的元素内输入[]
[2018-12-07 17:29:41,694] - selse_feng.py - 111 - 页面对象 - INFO - 在[xpath]为[//*[@id="ng-app"]/body/div[15]/div/div/div[4]/form/div[3]/input]的元素内输入[aaaa1111]
[2018-12-07 17:29:41,781] - selse_feng.py - 144 - 页面对象 - INFO - 点击[xpath]为[//*[@id="ng-app"]/body/div[15]/div/div/div[4]/form/div[7]/button[1]]的元素
[2018-12-07 17:29:41,781] - selse_feng.py - 216 - 页面对象 - INFO - 进入get_text()方法
[2018-12-07 17:29:41,874] - selse_feng.py - 224 - 页面对象 - INFO - 获取[xpath]为[//*[@id="ng-app"]/body/div[15]/div/div/div[4]/form/div[1]/span[2]]元素的文本值,return:[请输入手机号]
[2018-12-07 17:29:41,889] - login_obj.py - 39 - 登陆页面对象 - INFO - 调用login()结束；return:[请输入手机号]
[2018-12-07 17:29:41,898] - login_test.py - 22 - 登陆测试 - INFO - 断言预期结果:[请输入手机号]是否等于实际结果:[请输入手机号]
[2018-12-07 17:29:41,898] - selse_feng.py - 244 - 页面对象 - INFO - 获取当前窗口的截图保存为一个base64编码的字符串。
[2018-12-07 17:29:42,783] - selse_feng.py - 193 - 页面对象 - INFO - 关闭浏览器
[2018-12-07 17:29:50,872] - test_star_end.py - 17 - 初始化 - INFO - 启动
[2018-12-07 17:29:50,890] - login_obj.py - 29 - 登陆页面对象 - INFO - 调用login()
[2018-12-07 17:29:50,895] - selse_feng.py - 95 - 页面对象 - INFO - 打开网页[https://www.yunqueyi.com/]
[2018-12-07 17:30:04,221] - selse_feng.py - 99 - 页面对象 - INFO - 最大化浏览器
[2018-12-07 17:30:05,491] - selse_feng.py - 144 - 页面对象 - INFO - 点击[xpath]为[//*[@id="login"]/li[1]/span]的元素
[2018-12-07 17:30:06,798] - selse_feng.py - 111 - 页面对象 - INFO - 在[name]为[mobile]的元素内输入[15607241351]
[2018-12-07 17:30:06,954] - selse_feng.py - 111 - 页面对象 - INFO - 在[xpath]为[//*[@id="ng-app"]/body/div[15]/div/div/div[4]/form/div[3]/input]的元素内输入[liwanlei11]
[2018-12-07 17:30:07,036] - selse_feng.py - 144 - 页面对象 - INFO - 点击[xpath]为[//*[@id="ng-app"]/body/div[15]/div/div/div[4]/form/div[7]/button[1]]的元素
[2018-12-07 17:30:07,036] - selse_feng.py - 216 - 页面对象 - INFO - 进入get_text()方法
[2018-12-07 17:30:10,107] - selse_feng.py - 221 - 页面对象 - INFO - -重试-获取[xpath]为[//*[@id="ng-app"]/body/div[15]/div/div/div[4]/form/div[3]/span[4]]元素的文本值,return:[手机号或密码不正确！]
[2018-12-07 17:30:10,118] - login_obj.py - 43 - 登陆页面对象 - INFO - 调用login()结束；return:[手机号或密码不正确！]
[2018-12-07 17:30:10,123] - login_test.py - 22 - 登陆测试 - INFO - 断言预期结果:[手机号或密码不正确！]是否等于实际结果:[手机号或密码不正确！]
[2018-12-07 17:30:10,123] - selse_feng.py - 244 - 页面对象 - INFO - 获取当前窗口的截图保存为一个base64编码的字符串。
[2018-12-07 17:30:10,716] - selse_feng.py - 193 - 页面对象 - INFO - 关闭浏览器
[2018-12-07 17:30:18,538] - test_star_end.py - 17 - 初始化 - INFO - 启动
[2018-12-07 17:30:18,558] - login_obj.py - 29 - 登陆页面对象 - INFO - 调用login()
[2018-12-07 17:30:18,565] - selse_feng.py - 95 - 页面对象 - INFO - 打开网页[https://www.yunqueyi.com/]
[2018-12-07 17:30:19,394] - selse_feng.py - 99 - 页面对象 - INFO - 最大化浏览器
[2018-12-07 17:30:20,780] - selse_feng.py - 144 - 页面对象 - INFO - 点击[xpath]为[//*[@id="login"]/li[1]/span]的元素
[2018-12-07 17:30:22,148] - selse_feng.py - 111 - 页面对象 - INFO - 在[name]为[mobile]的元素内输入[15607241351]
[2018-12-07 17:30:22,268] - selse_feng.py - 111 - 页面对象 - INFO - 在[xpath]为[//*[@id="ng-app"]/body/div[15]/div/div/div[4]/form/div[3]/input]的元素内输入[]
[2018-12-07 17:30:22,360] - selse_feng.py - 144 - 页面对象 - INFO - 点击[xpath]为[//*[@id="ng-app"]/body/div[15]/div/div/div[4]/form/div[7]/button[1]]的元素
[2018-12-07 17:30:22,360] - selse_feng.py - 216 - 页面对象 - INFO - 进入get_text()方法
[2018-12-07 17:30:22,440] - selse_feng.py - 224 - 页面对象 - INFO - 获取[xpath]为[//*[@id="ng-app"]/body/div[15]/div/div/div[4]/form/div[3]/span[4]]元素的文本值,return:[请输入密码]
[2018-12-07 17:30:22,452] - login_obj.py - 43 - 登陆页面对象 - INFO - 调用login()结束；return:[请输入密码]
[2018-12-07 17:30:22,461] - login_test.py - 22 - 登陆测试 - INFO - 断言预期结果:[请输入密码]是否等于实际结果:[请输入密码]
[2018-12-07 17:30:22,461] - selse_feng.py - 244 - 页面对象 - INFO - 获取当前窗口的截图保存为一个base64编码的字符串。
[2018-12-07 17:30:23,251] - selse_feng.py - 193 - 页面对象 - INFO - 关闭浏览器
[2018-12-07 17:30:31,628] - test_star_end.py - 17 - 初始化 - INFO - 启动
[2018-12-07 17:30:31,656] - login_obj.py - 29 - 登陆页面对象 - INFO - 调用login()
[2018-12-07 17:30:31,662] - selse_feng.py - 95 - 页面对象 - INFO - 打开网页[https://www.yunqueyi.com/]
[2018-12-07 17:30:32,546] - selse_feng.py - 99 - 页面对象 - INFO - 最大化浏览器
[2018-12-07 17:30:33,883] - selse_feng.py - 144 - 页面对象 - INFO - 点击[xpath]为[//*[@id="login"]/li[1]/span]的元素
[2018-12-07 17:30:35,187] - selse_feng.py - 111 - 页面对象 - INFO - 在[name]为[mobile]的元素内输入[15607241351]
[2018-12-07 17:30:35,379] - selse_feng.py - 111 - 页面对象 - INFO - 在[xpath]为[//*[@id="ng-app"]/body/div[15]/div/div/div[4]/form/div[3]/input]的元素内输入[aaa111]
[2018-12-07 17:30:35,474] - selse_feng.py - 144 - 页面对象 - INFO - 点击[xpath]为[//*[@id="ng-app"]/body/div[15]/div/div/div[4]/form/div[7]/button[1]]的元素
[2018-12-07 17:30:37,474] - selse_feng.py - 158 - 页面对象 - INFO - 进入move_element()方法
[2018-12-07 17:30:37,523] - selse_feng.py - 161 - 页面对象 - INFO - 鼠标移动到[id]为[personalImgUrl]的元素
[2018-12-07 17:30:37,523] - selse_feng.py - 216 - 页面对象 - INFO - 进入get_text()方法
[2018-12-07 17:30:37,621] - selse_feng.py - 224 - 页面对象 - INFO - 获取[link_text]为[个人资料]元素的文本值,return:[个人资料]
[2018-12-07 17:30:37,633] - login_obj.py - 48 - 登陆页面对象 - INFO - 调用login()结束；return:[个人资料]
[2018-12-07 17:30:37,640] - login_test.py - 22 - 登陆测试 - INFO - 断言预期结果:[个人资料]是否等于实际结果:[个人资料]
[2018-12-07 17:30:37,641] - selse_feng.py - 244 - 页面对象 - INFO - 获取当前窗口的截图保存为一个base64编码的字符串。
[2018-12-07 17:30:38,388] - selse_feng.py - 193 - 页面对象 - INFO - 关闭浏览器
