[2018-12-07 11:42:05,942] - gettestdata.py - 35 - 获取数据 - INFO - 获取C:\Users\PicaHealth\Desktop\pica_test-master\data\case.xlsx内第1个sheet(工作表)的测试数据
[2018-12-07 11:42:05,942] - gettestdata.py - 36 - 获取数据 - INFO - 测试数据listdata：[{'module': '登录', 'id': 'login1', 'username': 'u4272320562', 'pwd': 'aaaa1111', 'suc': 'name_err', 'assert': '请输入正确的手机号'}, {'module': '登录', 'id': 'login2', 'username': '', 'pwd': 'aaaa1111', 'suc': 'name_err', 'assert': '请输入手机号'}, {'module': '登录', 'id': 'login3', 'username': '15607241351', 'pwd': 'liwanlei11', 'suc': 'pwd_err', 'assert': '手机号或密码不正确！'}, {'module': '登录', 'id': 'login4', 'username': '15607241351', 'pwd': '', 'suc': 'pwd_err', 'assert': '请输入密码'}, {'module': '登录', 'id': 'login5', 'username': '15607241351', 'pwd': 'aaa111', 'suc': 'succeed', 'assert': '个人资料'}]
[2018-12-07 11:42:10,673] - test_star_end.py - 17 - 初始化 - INFO - 启动
[2018-12-07 11:42:10,695] - login_obj.py - 29 - 登陆页面对象 - INFO - 调用login()
[2018-12-07 11:42:10,704] - selse_feng.py - 94 - 页面对象 - INFO - 打开网页[https://www.yunqueyi.com/]
[2018-12-07 11:42:24,578] - selse_feng.py - 98 - 页面对象 - INFO - 最大化浏览器
[2018-12-07 11:42:25,859] - selse_feng.py - 143 - 页面对象 - INFO - 点击[xpath]为[//*[@id="login"]/li[1]/span]的元素
[2018-12-07 11:42:27,154] - selse_feng.py - 110 - 页面对象 - INFO - 在[name]为[mobile]的元素内输入[u4272320562]
[2018-12-07 11:42:27,311] - selse_feng.py - 110 - 页面对象 - INFO - 在[xpath]为[//*[@id="ng-app"]/body/div[15]/div/div/div[4]/form/div[3]/input]的元素内输入[aaaa1111]
[2018-12-07 11:42:27,382] - selse_feng.py - 143 - 页面对象 - INFO - 点击[xpath]为[//*[@id="ng-app"]/body/div[15]/div/div/div[4]/form/div[7]/button[1]]的元素
[2018-12-07 11:42:27,434] - selse_feng.py - 202 - 页面对象 - INFO - 获取[xpath]为[//*[@id="ng-app"]/body/div[15]/div/div/div[4]/form/div[1]/span[2]]元素的文本值,return:[请输入正确的手机号]
[2018-12-07 11:42:27,447] - login_obj.py - 40 - 登陆页面对象 - INFO - 调用login()结束；return:[请输入正确的手机号]
[2018-12-07 11:42:27,460] - login_test.py - 22 - 登陆测试 - INFO - 断言预期结果:[请输入正确的手机号]是否等于实际结果:[请输入正确的手机号]
[2018-12-07 11:42:27,460] - selse_feng.py - 218 - 页面对象 - INFO - 获取当前窗口的截图保存为一个base64编码的字符串。
[2018-12-07 11:42:28,270] - selse_feng.py - 179 - 页面对象 - INFO - 关闭浏览器
[2018-12-07 11:42:36,196] - test_star_end.py - 17 - 初始化 - INFO - 启动
[2018-12-07 11:42:36,222] - login_obj.py - 29 - 登陆页面对象 - INFO - 调用login()
[2018-12-07 11:42:36,232] - selse_feng.py - 94 - 页面对象 - INFO - 打开网页[https://www.yunqueyi.com/]
[2018-12-07 11:42:37,277] - selse_feng.py - 98 - 页面对象 - INFO - 最大化浏览器
[2018-12-07 11:42:38,540] - selse_feng.py - 143 - 页面对象 - INFO - 点击[xpath]为[//*[@id="login"]/li[1]/span]的元素
[2018-12-07 11:42:39,764] - selse_feng.py - 110 - 页面对象 - INFO - 在[name]为[mobile]的元素内输入[]
[2018-12-07 11:42:39,970] - selse_feng.py - 110 - 页面对象 - INFO - 在[xpath]为[//*[@id="ng-app"]/body/div[15]/div/div/div[4]/form/div[3]/input]的元素内输入[aaaa1111]
[2018-12-07 11:42:40,060] - selse_feng.py - 143 - 页面对象 - INFO - 点击[xpath]为[//*[@id="ng-app"]/body/div[15]/div/div/div[4]/form/div[7]/button[1]]的元素
[2018-12-07 11:42:40,119] - selse_feng.py - 202 - 页面对象 - INFO - 获取[xpath]为[//*[@id="ng-app"]/body/div[15]/div/div/div[4]/form/div[1]/span[2]]元素的文本值,return:[请输入手机号]
[2018-12-07 11:42:40,137] - login_obj.py - 40 - 登陆页面对象 - INFO - 调用login()结束；return:[请输入手机号]
[2018-12-07 11:42:40,156] - login_test.py - 22 - 登陆测试 - INFO - 断言预期结果:[请输入手机号]是否等于实际结果:[请输入手机号]
[2018-12-07 11:42:40,156] - selse_feng.py - 218 - 页面对象 - INFO - 获取当前窗口的截图保存为一个base64编码的字符串。
[2018-12-07 11:42:41,177] - selse_feng.py - 179 - 页面对象 - INFO - 关闭浏览器
[2018-12-07 11:42:49,163] - test_star_end.py - 17 - 初始化 - INFO - 启动
[2018-12-07 11:42:49,193] - login_obj.py - 29 - 登陆页面对象 - INFO - 调用login()
[2018-12-07 11:42:49,202] - selse_feng.py - 94 - 页面对象 - INFO - 打开网页[https://www.yunqueyi.com/]
[2018-12-07 11:43:02,759] - selse_feng.py - 98 - 页面对象 - INFO - 最大化浏览器
[2018-12-07 11:43:04,006] - selse_feng.py - 143 - 页面对象 - INFO - 点击[xpath]为[//*[@id="login"]/li[1]/span]的元素
[2018-12-07 11:43:05,314] - selse_feng.py - 110 - 页面对象 - INFO - 在[name]为[mobile]的元素内输入[15607241351]
[2018-12-07 11:43:05,483] - selse_feng.py - 110 - 页面对象 - INFO - 在[xpath]为[//*[@id="ng-app"]/body/div[15]/div/div/div[4]/form/div[3]/input]的元素内输入[liwanlei11]
[2018-12-07 11:43:05,569] - selse_feng.py - 143 - 页面对象 - INFO - 点击[xpath]为[//*[@id="ng-app"]/body/div[15]/div/div/div[4]/form/div[7]/button[1]]的元素
[2018-12-07 11:43:05,624] - selse_feng.py - 202 - 页面对象 - INFO - 获取[xpath]为[//*[@id="ng-app"]/body/div[15]/div/div/div[4]/form/div[3]/span[4]]元素的文本值,return:[]
[2018-12-07 11:43:05,639] - login_obj.py - 44 - 登陆页面对象 - INFO - 调用login()结束；return:[]
[2018-12-07 11:43:05,649] - login_test.py - 22 - 登陆测试 - INFO - 断言预期结果:[手机号或密码不正确！]是否等于实际结果:[]
[2018-12-07 11:43:05,649] - selse_feng.py - 218 - 页面对象 - INFO - 获取当前窗口的截图保存为一个base64编码的字符串。
[2018-12-07 11:43:06,359] - selse_feng.py - 179 - 页面对象 - INFO - 关闭浏览器
[2018-12-07 11:43:14,286] - test_star_end.py - 17 - 初始化 - INFO - 启动
[2018-12-07 11:43:14,316] - login_obj.py - 29 - 登陆页面对象 - INFO - 调用login()
[2018-12-07 11:43:14,326] - selse_feng.py - 94 - 页面对象 - INFO - 打开网页[https://www.yunqueyi.com/]
[2018-12-07 11:43:29,109] - selse_feng.py - 98 - 页面对象 - INFO - 最大化浏览器
[2018-12-07 11:43:30,383] - selse_feng.py - 143 - 页面对象 - INFO - 点击[xpath]为[//*[@id="login"]/li[1]/span]的元素
[2018-12-07 11:43:31,724] - selse_feng.py - 110 - 页面对象 - INFO - 在[name]为[mobile]的元素内输入[15607241351]
[2018-12-07 11:43:31,837] - selse_feng.py - 110 - 页面对象 - INFO - 在[xpath]为[//*[@id="ng-app"]/body/div[15]/div/div/div[4]/form/div[3]/input]的元素内输入[]
[2018-12-07 11:43:31,913] - selse_feng.py - 143 - 页面对象 - INFO - 点击[xpath]为[//*[@id="ng-app"]/body/div[15]/div/div/div[4]/form/div[7]/button[1]]的元素
[2018-12-07 11:43:31,958] - selse_feng.py - 202 - 页面对象 - INFO - 获取[xpath]为[//*[@id="ng-app"]/body/div[15]/div/div/div[4]/form/div[3]/span[4]]元素的文本值,return:[请输入密码]
[2018-12-07 11:43:31,970] - login_obj.py - 44 - 登陆页面对象 - INFO - 调用login()结束；return:[请输入密码]
[2018-12-07 11:43:31,980] - login_test.py - 22 - 登陆测试 - INFO - 断言预期结果:[请输入密码]是否等于实际结果:[请输入密码]
[2018-12-07 11:43:31,980] - selse_feng.py - 218 - 页面对象 - INFO - 获取当前窗口的截图保存为一个base64编码的字符串。
[2018-12-07 11:43:32,828] - selse_feng.py - 179 - 页面对象 - INFO - 关闭浏览器
[2018-12-07 11:43:40,784] - test_star_end.py - 17 - 初始化 - INFO - 启动
[2018-12-07 11:43:40,808] - login_obj.py - 29 - 登陆页面对象 - INFO - 调用login()
[2018-12-07 11:43:40,821] - selse_feng.py - 94 - 页面对象 - INFO - 打开网页[https://www.yunqueyi.com/]
[2018-12-07 11:43:54,597] - selse_feng.py - 98 - 页面对象 - INFO - 最大化浏览器
[2018-12-07 11:43:55,882] - selse_feng.py - 143 - 页面对象 - INFO - 点击[xpath]为[//*[@id="login"]/li[1]/span]的元素
[2018-12-07 11:43:57,252] - selse_feng.py - 110 - 页面对象 - INFO - 在[name]为[mobile]的元素内输入[15607241351]
[2018-12-07 11:43:57,390] - selse_feng.py - 110 - 页面对象 - INFO - 在[xpath]为[//*[@id="ng-app"]/body/div[15]/div/div/div[4]/form/div[3]/input]的元素内输入[aaa111]
[2018-12-07 11:43:57,475] - selse_feng.py - 143 - 页面对象 - INFO - 点击[xpath]为[//*[@id="ng-app"]/body/div[15]/div/div/div[4]/form/div[7]/button[1]]的元素
[2018-12-07 11:43:57,476] - selse_feng.py - 155 - 页面对象 - INFO - 鼠标移动到[id]为[personalImgUrl]的元素
[2018-12-07 11:44:13,040] - selse_feng.py - 218 - 页面对象 - INFO - 获取当前窗口的截图保存为一个base64编码的字符串。
[2018-12-07 11:44:13,858] - selse_feng.py - 179 - 页面对象 - INFO - 关闭浏览器
