[2018-12-07 12:34:10,161] - gettestdata.py - 35 - 获取数据 - INFO - 获取C:\Users\PicaHealth\Desktop\pica_test-master\data\case.xlsx内第1个sheet(工作表)的测试数据
[2018-12-07 12:34:10,161] - gettestdata.py - 36 - 获取数据 - INFO - 测试数据listdata：[{'module': '登录', 'id': 'login1', 'username': 'u4272320562', 'pwd': 'aaaa1111', 'suc': 'name_err', 'assert': '请输入正确的手机号'}, {'module': '登录', 'id': 'login2', 'username': '', 'pwd': 'aaaa1111', 'suc': 'name_err', 'assert': '请输入手机号'}, {'module': '登录', 'id': 'login3', 'username': '15607241351', 'pwd': 'liwanlei11', 'suc': 'pwd_err', 'assert': '手机号或密码不正确！'}, {'module': '登录', 'id': 'login4', 'username': '15607241351', 'pwd': '', 'suc': 'pwd_err', 'assert': '请输入密码'}, {'module': '登录', 'id': 'login5', 'username': '15607241351', 'pwd': 'aaa111', 'suc': 'succeed', 'assert': '个人资料'}]
[2018-12-07 12:34:15,387] - test_star_end.py - 17 - 初始化 - INFO - 启动
[2018-12-07 12:34:15,405] - login_obj.py - 29 - 登陆页面对象 - INFO - 调用login()
[2018-12-07 12:34:15,405] - selse_feng.py - 95 - 页面对象 - INFO - 打开网页[https://www.yunqueyi.com/]
[2018-12-07 12:34:16,457] - selse_feng.py - 99 - 页面对象 - INFO - 最大化浏览器
[2018-12-07 12:34:17,782] - selse_feng.py - 144 - 页面对象 - INFO - 点击[xpath]为[//*[@id="login"]/li[1]/span]的元素
[2018-12-07 12:34:19,098] - selse_feng.py - 111 - 页面对象 - INFO - 在[name]为[mobile]的元素内输入[u4272320562]
[2018-12-07 12:34:19,290] - selse_feng.py - 111 - 页面对象 - INFO - 在[xpath]为[//*[@id="ng-app"]/body/div[15]/div/div/div[4]/form/div[3]/input]的元素内输入[aaaa1111]
[2018-12-07 12:34:19,376] - selse_feng.py - 144 - 页面对象 - INFO - 点击[xpath]为[//*[@id="ng-app"]/body/div[15]/div/div/div[4]/form/div[7]/button[1]]的元素
[2018-12-07 12:34:19,376] - selse_feng.py - 226 - 页面对象 - ERROR - 用例执行失败，原因：local variable 'e1' referenced before assignment
[2018-12-07 12:34:19,376] - login_obj.py - 40 - 登陆页面对象 - INFO - 调用login()结束；return:[None]
[2018-12-07 12:34:19,383] - login_test.py - 22 - 登陆测试 - INFO - 断言预期结果:[请输入正确的手机号]是否等于实际结果:[None]
[2018-12-07 12:34:19,384] - selse_feng.py - 242 - 页面对象 - INFO - 获取当前窗口的截图保存为一个base64编码的字符串。
[2018-12-07 12:34:20,215] - selse_feng.py - 191 - 页面对象 - INFO - 关闭浏览器
[2018-12-07 12:34:28,191] - test_star_end.py - 17 - 初始化 - INFO - 启动
[2018-12-07 12:34:28,212] - login_obj.py - 29 - 登陆页面对象 - INFO - 调用login()
[2018-12-07 12:34:28,220] - selse_feng.py - 95 - 页面对象 - INFO - 打开网页[https://www.yunqueyi.com/]
[2018-12-07 12:34:29,172] - selse_feng.py - 99 - 页面对象 - INFO - 最大化浏览器
[2018-12-07 12:34:30,494] - selse_feng.py - 144 - 页面对象 - INFO - 点击[xpath]为[//*[@id="login"]/li[1]/span]的元素
[2018-12-07 12:34:31,769] - selse_feng.py - 111 - 页面对象 - INFO - 在[name]为[mobile]的元素内输入[]
[2018-12-07 12:34:32,068] - selse_feng.py - 111 - 页面对象 - INFO - 在[xpath]为[//*[@id="ng-app"]/body/div[15]/div/div/div[4]/form/div[3]/input]的元素内输入[aaaa1111]
[2018-12-07 12:34:32,207] - selse_feng.py - 144 - 页面对象 - INFO - 点击[xpath]为[//*[@id="ng-app"]/body/div[15]/div/div/div[4]/form/div[7]/button[1]]的元素
[2018-12-07 12:34:32,207] - selse_feng.py - 226 - 页面对象 - ERROR - 用例执行失败，原因：local variable 'e1' referenced before assignment
[2018-12-07 12:34:32,207] - login_obj.py - 40 - 登陆页面对象 - INFO - 调用login()结束；return:[None]
[2018-12-07 12:34:32,232] - login_test.py - 22 - 登陆测试 - INFO - 断言预期结果:[请输入手机号]是否等于实际结果:[None]
[2018-12-07 12:34:32,232] - selse_feng.py - 242 - 页面对象 - INFO - 获取当前窗口的截图保存为一个base64编码的字符串。
[2018-12-07 12:34:33,347] - selse_feng.py - 191 - 页面对象 - INFO - 关闭浏览器
[2018-12-07 12:34:41,461] - test_star_end.py - 17 - 初始化 - INFO - 启动
[2018-12-07 12:34:41,476] - login_obj.py - 29 - 登陆页面对象 - INFO - 调用login()
[2018-12-07 12:34:41,492] - selse_feng.py - 95 - 页面对象 - INFO - 打开网页[https://www.yunqueyi.com/]
[2018-12-07 12:34:42,441] - selse_feng.py - 99 - 页面对象 - INFO - 最大化浏览器
[2018-12-07 12:34:43,818] - selse_feng.py - 144 - 页面对象 - INFO - 点击[xpath]为[//*[@id="login"]/li[1]/span]的元素
[2018-12-07 12:34:45,180] - selse_feng.py - 111 - 页面对象 - INFO - 在[name]为[mobile]的元素内输入[15607241351]
[2018-12-07 12:34:45,398] - selse_feng.py - 111 - 页面对象 - INFO - 在[xpath]为[//*[@id="ng-app"]/body/div[15]/div/div/div[4]/form/div[3]/input]的元素内输入[liwanlei11]
[2018-12-07 12:34:45,511] - selse_feng.py - 144 - 页面对象 - INFO - 点击[xpath]为[//*[@id="ng-app"]/body/div[15]/div/div/div[4]/form/div[7]/button[1]]的元素
[2018-12-07 12:34:45,511] - selse_feng.py - 226 - 页面对象 - ERROR - 用例执行失败，原因：local variable 'e1' referenced before assignment
[2018-12-07 12:34:45,511] - login_obj.py - 44 - 登陆页面对象 - INFO - 调用login()结束；return:[None]
[2018-12-07 12:34:45,521] - login_test.py - 22 - 登陆测试 - INFO - 断言预期结果:[手机号或密码不正确！]是否等于实际结果:[None]
[2018-12-07 12:34:45,521] - selse_feng.py - 242 - 页面对象 - INFO - 获取当前窗口的截图保存为一个base64编码的字符串。
[2018-12-07 12:34:46,237] - selse_feng.py - 191 - 页面对象 - INFO - 关闭浏览器
[2018-12-07 12:34:54,187] - test_star_end.py - 17 - 初始化 - INFO - 启动
[2018-12-07 12:34:54,210] - login_obj.py - 29 - 登陆页面对象 - INFO - 调用login()
[2018-12-07 12:34:54,221] - selse_feng.py - 95 - 页面对象 - INFO - 打开网页[https://www.yunqueyi.com/]
[2018-12-07 12:34:55,286] - selse_feng.py - 99 - 页面对象 - INFO - 最大化浏览器
[2018-12-07 12:34:56,685] - selse_feng.py - 144 - 页面对象 - INFO - 点击[xpath]为[//*[@id="login"]/li[1]/span]的元素
[2018-12-07 12:34:58,055] - selse_feng.py - 111 - 页面对象 - INFO - 在[name]为[mobile]的元素内输入[15607241351]
[2018-12-07 12:34:58,179] - selse_feng.py - 111 - 页面对象 - INFO - 在[xpath]为[//*[@id="ng-app"]/body/div[15]/div/div/div[4]/form/div[3]/input]的元素内输入[]
[2018-12-07 12:34:58,273] - selse_feng.py - 144 - 页面对象 - INFO - 点击[xpath]为[//*[@id="ng-app"]/body/div[15]/div/div/div[4]/form/div[7]/button[1]]的元素
[2018-12-07 12:34:58,274] - selse_feng.py - 226 - 页面对象 - ERROR - 用例执行失败，原因：local variable 'e1' referenced before assignment
[2018-12-07 12:34:58,274] - login_obj.py - 44 - 登陆页面对象 - INFO - 调用login()结束；return:[None]
[2018-12-07 12:34:58,285] - login_test.py - 22 - 登陆测试 - INFO - 断言预期结果:[请输入密码]是否等于实际结果:[None]
[2018-12-07 12:34:58,285] - selse_feng.py - 242 - 页面对象 - INFO - 获取当前窗口的截图保存为一个base64编码的字符串。
[2018-12-07 12:34:59,313] - selse_feng.py - 191 - 页面对象 - INFO - 关闭浏览器
[2018-12-07 12:35:07,869] - test_star_end.py - 17 - 初始化 - INFO - 启动
[2018-12-07 12:35:07,884] - login_obj.py - 29 - 登陆页面对象 - INFO - 调用login()
[2018-12-07 12:35:07,890] - selse_feng.py - 95 - 页面对象 - INFO - 打开网页[https://www.yunqueyi.com/]
[2018-12-07 12:35:21,721] - selse_feng.py - 99 - 页面对象 - INFO - 最大化浏览器
[2018-12-07 12:35:23,008] - selse_feng.py - 144 - 页面对象 - INFO - 点击[xpath]为[//*[@id="login"]/li[1]/span]的元素
[2018-12-07 12:35:24,326] - selse_feng.py - 111 - 页面对象 - INFO - 在[name]为[mobile]的元素内输入[15607241351]
[2018-12-07 12:35:24,476] - selse_feng.py - 111 - 页面对象 - INFO - 在[xpath]为[//*[@id="ng-app"]/body/div[15]/div/div/div[4]/form/div[3]/input]的元素内输入[aaa111]
[2018-12-07 12:35:24,556] - selse_feng.py - 144 - 页面对象 - INFO - 点击[xpath]为[//*[@id="ng-app"]/body/div[15]/div/div/div[4]/form/div[7]/button[1]]的元素
[2018-12-07 12:35:24,556] - selse_feng.py - 157 - 页面对象 - INFO - 鼠标移动到[id]为[personalImgUrl]的元素
[2018-12-07 12:35:24,601] - selse_feng.py - 226 - 页面对象 - ERROR - 用例执行失败，原因：local variable 'e1' referenced before assignment
[2018-12-07 12:35:24,601] - login_obj.py - 49 - 登陆页面对象 - INFO - 调用login()结束；return:[None]
[2018-12-07 12:35:24,607] - login_test.py - 22 - 登陆测试 - INFO - 断言预期结果:[个人资料]是否等于实际结果:[None]
[2018-12-07 12:35:24,607] - selse_feng.py - 242 - 页面对象 - INFO - 获取当前窗口的截图保存为一个base64编码的字符串。
[2018-12-07 12:35:25,214] - selse_feng.py - 191 - 页面对象 - INFO - 关闭浏览器
[2018-12-07 12:40:02,996] - gettestdata.py - 35 - 获取数据 - INFO - 获取C:\Users\PicaHealth\Desktop\pica_test-master\data\case.xlsx内第1个sheet(工作表)的测试数据
[2018-12-07 12:40:02,996] - gettestdata.py - 36 - 获取数据 - INFO - 测试数据listdata：[{'module': '登录', 'id': 'login1', 'username': 'u4272320562', 'pwd': 'aaaa1111', 'suc': 'name_err', 'assert': '请输入正确的手机号'}, {'module': '登录', 'id': 'login2', 'username': '', 'pwd': 'aaaa1111', 'suc': 'name_err', 'assert': '请输入手机号'}, {'module': '登录', 'id': 'login3', 'username': '15607241351', 'pwd': 'liwanlei11', 'suc': 'pwd_err', 'assert': '手机号或密码不正确！'}, {'module': '登录', 'id': 'login4', 'username': '15607241351', 'pwd': '', 'suc': 'pwd_err', 'assert': '请输入密码'}, {'module': '登录', 'id': 'login5', 'username': '15607241351', 'pwd': 'aaa111', 'suc': 'succeed', 'assert': '个人资料'}]
[2018-12-07 12:40:08,286] - test_star_end.py - 17 - 初始化 - INFO - 启动
[2018-12-07 12:40:08,303] - login_obj.py - 29 - 登陆页面对象 - INFO - 调用login()
[2018-12-07 12:40:08,310] - selse_feng.py - 95 - 页面对象 - INFO - 打开网页[https://www.yunqueyi.com/]
[2018-12-07 12:40:09,388] - selse_feng.py - 99 - 页面对象 - INFO - 最大化浏览器
[2018-12-07 12:40:10,801] - selse_feng.py - 144 - 页面对象 - INFO - 点击[xpath]为[//*[@id="login"]/li[1]/span]的元素
[2018-12-07 12:40:12,119] - selse_feng.py - 111 - 页面对象 - INFO - 在[name]为[mobile]的元素内输入[u4272320562]
[2018-12-07 12:40:12,320] - selse_feng.py - 111 - 页面对象 - INFO - 在[xpath]为[//*[@id="ng-app"]/body/div[15]/div/div/div[4]/form/div[3]/input]的元素内输入[aaaa1111]
[2018-12-07 12:40:12,414] - selse_feng.py - 144 - 页面对象 - INFO - 点击[xpath]为[//*[@id="ng-app"]/body/div[15]/div/div/div[4]/form/div[7]/button[1]]的元素
[2018-12-07 12:40:12,414] - selse_feng.py - 214 - 页面对象 - INFO - 进入get_text()方法
[2018-12-07 12:40:12,489] - selse_feng.py - 222 - 页面对象 - INFO - 获取[xpath]为[//*[@id="ng-app"]/body/div[15]/div/div/div[4]/form/div[1]/span[2]]元素的文本值,return:[请输入正确的手机号]
[2018-12-07 12:40:12,499] - login_obj.py - 40 - 登陆页面对象 - INFO - 调用login()结束；return:[请输入正确的手机号]
[2018-12-07 12:40:12,507] - login_test.py - 22 - 登陆测试 - INFO - 断言预期结果:[请输入正确的手机号]是否等于实际结果:[请输入正确的手机号]
[2018-12-07 12:40:12,507] - selse_feng.py - 243 - 页面对象 - INFO - 获取当前窗口的截图保存为一个base64编码的字符串。
[2018-12-07 12:40:13,404] - selse_feng.py - 191 - 页面对象 - INFO - 关闭浏览器
[2018-12-07 12:40:21,961] - test_star_end.py - 17 - 初始化 - INFO - 启动
[2018-12-07 12:40:21,977] - login_obj.py - 29 - 登陆页面对象 - INFO - 调用login()
[2018-12-07 12:40:21,977] - selse_feng.py - 95 - 页面对象 - INFO - 打开网页[https://www.yunqueyi.com/]
[2018-12-07 12:40:22,832] - selse_feng.py - 99 - 页面对象 - INFO - 最大化浏览器
[2018-12-07 12:40:24,190] - selse_feng.py - 144 - 页面对象 - INFO - 点击[xpath]为[//*[@id="login"]/li[1]/span]的元素
[2018-12-07 12:40:25,413] - selse_feng.py - 111 - 页面对象 - INFO - 在[name]为[mobile]的元素内输入[]
[2018-12-07 12:40:25,606] - selse_feng.py - 111 - 页面对象 - INFO - 在[xpath]为[//*[@id="ng-app"]/body/div[15]/div/div/div[4]/form/div[3]/input]的元素内输入[aaaa1111]
[2018-12-07 12:40:25,708] - selse_feng.py - 144 - 页面对象 - INFO - 点击[xpath]为[//*[@id="ng-app"]/body/div[15]/div/div/div[4]/form/div[7]/button[1]]的元素
[2018-12-07 12:40:25,709] - selse_feng.py - 214 - 页面对象 - INFO - 进入get_text()方法
[2018-12-07 12:40:25,778] - selse_feng.py - 222 - 页面对象 - INFO - 获取[xpath]为[//*[@id="ng-app"]/body/div[15]/div/div/div[4]/form/div[1]/span[2]]元素的文本值,return:[请输入手机号]
[2018-12-07 12:40:25,792] - login_obj.py - 40 - 登陆页面对象 - INFO - 调用login()结束；return:[请输入手机号]
[2018-12-07 12:40:25,800] - login_test.py - 22 - 登陆测试 - INFO - 断言预期结果:[请输入手机号]是否等于实际结果:[请输入手机号]
[2018-12-07 12:40:25,801] - selse_feng.py - 243 - 页面对象 - INFO - 获取当前窗口的截图保存为一个base64编码的字符串。
[2018-12-07 12:40:26,672] - selse_feng.py - 191 - 页面对象 - INFO - 关闭浏览器
[2018-12-07 12:40:34,652] - test_star_end.py - 17 - 初始化 - INFO - 启动
[2018-12-07 12:40:34,669] - login_obj.py - 29 - 登陆页面对象 - INFO - 调用login()
[2018-12-07 12:40:34,674] - selse_feng.py - 95 - 页面对象 - INFO - 打开网页[https://www.yunqueyi.com/]
[2018-12-07 12:40:35,540] - selse_feng.py - 99 - 页面对象 - INFO - 最大化浏览器
[2018-12-07 12:40:36,890] - selse_feng.py - 144 - 页面对象 - INFO - 点击[xpath]为[//*[@id="login"]/li[1]/span]的元素
[2018-12-07 12:40:38,248] - selse_feng.py - 111 - 页面对象 - INFO - 在[name]为[mobile]的元素内输入[15607241351]
[2018-12-07 12:40:38,437] - selse_feng.py - 111 - 页面对象 - INFO - 在[xpath]为[//*[@id="ng-app"]/body/div[15]/div/div/div[4]/form/div[3]/input]的元素内输入[liwanlei11]
[2018-12-07 12:40:38,535] - selse_feng.py - 144 - 页面对象 - INFO - 点击[xpath]为[//*[@id="ng-app"]/body/div[15]/div/div/div[4]/form/div[7]/button[1]]的元素
[2018-12-07 12:40:38,536] - selse_feng.py - 214 - 页面对象 - INFO - 进入get_text()方法
[2018-12-07 12:40:41,656] - selse_feng.py - 219 - 页面对象 - INFO - 获取[xpath]为[//*[@id="ng-app"]/body/div[15]/div/div/div[4]/form/div[3]/span[4]]元素的文本值,return:[手机号或密码不正确！]
[2018-12-07 12:40:41,670] - login_obj.py - 44 - 登陆页面对象 - INFO - 调用login()结束；return:[手机号或密码不正确！]
[2018-12-07 12:40:41,670] - login_test.py - 22 - 登陆测试 - INFO - 断言预期结果:[手机号或密码不正确！]是否等于实际结果:[手机号或密码不正确！]
[2018-12-07 12:40:41,670] - selse_feng.py - 243 - 页面对象 - INFO - 获取当前窗口的截图保存为一个base64编码的字符串。
[2018-12-07 12:40:42,270] - selse_feng.py - 191 - 页面对象 - INFO - 关闭浏览器
[2018-12-07 12:40:50,246] - test_star_end.py - 17 - 初始化 - INFO - 启动
[2018-12-07 12:40:50,271] - login_obj.py - 29 - 登陆页面对象 - INFO - 调用login()
[2018-12-07 12:40:50,280] - selse_feng.py - 95 - 页面对象 - INFO - 打开网页[https://www.yunqueyi.com/]
[2018-12-07 12:40:51,342] - selse_feng.py - 99 - 页面对象 - INFO - 最大化浏览器
[2018-12-07 12:40:52,658] - selse_feng.py - 144 - 页面对象 - INFO - 点击[xpath]为[//*[@id="login"]/li[1]/span]的元素
[2018-12-07 12:40:53,964] - selse_feng.py - 111 - 页面对象 - INFO - 在[name]为[mobile]的元素内输入[15607241351]
[2018-12-07 12:40:54,068] - selse_feng.py - 111 - 页面对象 - INFO - 在[xpath]为[//*[@id="ng-app"]/body/div[15]/div/div/div[4]/form/div[3]/input]的元素内输入[]
[2018-12-07 12:40:54,146] - selse_feng.py - 144 - 页面对象 - INFO - 点击[xpath]为[//*[@id="ng-app"]/body/div[15]/div/div/div[4]/form/div[7]/button[1]]的元素
[2018-12-07 12:40:54,146] - selse_feng.py - 214 - 页面对象 - INFO - 进入get_text()方法
[2018-12-07 12:40:54,231] - selse_feng.py - 222 - 页面对象 - INFO - 获取[xpath]为[//*[@id="ng-app"]/body/div[15]/div/div/div[4]/form/div[3]/span[4]]元素的文本值,return:[请输入密码]
[2018-12-07 12:40:54,245] - login_obj.py - 44 - 登陆页面对象 - INFO - 调用login()结束；return:[请输入密码]
[2018-12-07 12:40:54,253] - login_test.py - 22 - 登陆测试 - INFO - 断言预期结果:[请输入密码]是否等于实际结果:[请输入密码]
[2018-12-07 12:40:54,254] - selse_feng.py - 243 - 页面对象 - INFO - 获取当前窗口的截图保存为一个base64编码的字符串。
[2018-12-07 12:40:55,081] - selse_feng.py - 191 - 页面对象 - INFO - 关闭浏览器
[2018-12-07 12:41:03,565] - test_star_end.py - 17 - 初始化 - INFO - 启动
[2018-12-07 12:41:03,580] - login_obj.py - 29 - 登陆页面对象 - INFO - 调用login()
[2018-12-07 12:41:03,596] - selse_feng.py - 95 - 页面对象 - INFO - 打开网页[https://www.yunqueyi.com/]
[2018-12-07 12:41:04,570] - selse_feng.py - 99 - 页面对象 - INFO - 最大化浏览器
[2018-12-07 12:41:05,935] - selse_feng.py - 144 - 页面对象 - INFO - 点击[xpath]为[//*[@id="login"]/li[1]/span]的元素
[2018-12-07 12:41:07,511] - selse_feng.py - 111 - 页面对象 - INFO - 在[name]为[mobile]的元素内输入[15607241351]
[2018-12-07 12:41:07,679] - selse_feng.py - 111 - 页面对象 - INFO - 在[xpath]为[//*[@id="ng-app"]/body/div[15]/div/div/div[4]/form/div[3]/input]的元素内输入[aaa111]
[2018-12-07 12:41:07,790] - selse_feng.py - 144 - 页面对象 - INFO - 点击[xpath]为[//*[@id="ng-app"]/body/div[15]/div/div/div[4]/form/div[7]/button[1]]的元素
[2018-12-07 12:41:07,790] - selse_feng.py - 157 - 页面对象 - INFO - 鼠标移动到[id]为[personalImgUrl]的元素
[2018-12-07 12:41:07,905] - selse_feng.py - 214 - 页面对象 - INFO - 进入get_text()方法
[2018-12-07 12:41:23,429] - selse_feng.py - 225 - 页面对象 - ERROR - clear_send_key()方法执行失败，原因TimeoutException:Message: 

[2018-12-07 12:41:23,429] - login_obj.py - 49 - 登陆页面对象 - INFO - 调用login()结束；return:[None]
[2018-12-07 12:41:23,437] - login_test.py - 22 - 登陆测试 - INFO - 断言预期结果:[个人资料]是否等于实际结果:[None]
[2018-12-07 12:41:23,437] - selse_feng.py - 243 - 页面对象 - INFO - 获取当前窗口的截图保存为一个base64编码的字符串。
[2018-12-07 12:41:24,045] - selse_feng.py - 191 - 页面对象 - INFO - 关闭浏览器
[2018-12-07 12:45:07,945] - gettestdata.py - 35 - 获取数据 - INFO - 获取C:\Users\PicaHealth\Desktop\pica_test-master\data\case.xlsx内第1个sheet(工作表)的测试数据
[2018-12-07 12:45:07,946] - gettestdata.py - 36 - 获取数据 - INFO - 测试数据listdata：[{'module': '登录', 'id': 'login1', 'username': 'u4272320562', 'pwd': 'aaaa1111', 'suc': 'name_err', 'assert': '请输入正确的手机号'}, {'module': '登录', 'id': 'login2', 'username': '', 'pwd': 'aaaa1111', 'suc': 'name_err', 'assert': '请输入手机号'}, {'module': '登录', 'id': 'login3', 'username': '15607241351', 'pwd': 'liwanlei11', 'suc': 'pwd_err', 'assert': '手机号或密码不正确！'}, {'module': '登录', 'id': 'login4', 'username': '15607241351', 'pwd': '', 'suc': 'pwd_err', 'assert': '请输入密码'}, {'module': '登录', 'id': 'login5', 'username': '15607241351', 'pwd': 'aaa111', 'suc': 'succeed', 'assert': '个人资料'}]
[2018-12-07 12:45:12,598] - test_star_end.py - 17 - 初始化 - INFO - 启动
[2018-12-07 12:45:12,613] - login_obj.py - 29 - 登陆页面对象 - INFO - 调用login()
[2018-12-07 12:45:12,622] - selse_feng.py - 95 - 页面对象 - INFO - 打开网页[https://www.yunqueyi.com/]
[2018-12-07 12:45:13,511] - selse_feng.py - 99 - 页面对象 - INFO - 最大化浏览器
[2018-12-07 12:45:14,904] - selse_feng.py - 144 - 页面对象 - INFO - 点击[xpath]为[//*[@id="login"]/li[1]/span]的元素
[2018-12-07 12:45:16,261] - selse_feng.py - 111 - 页面对象 - INFO - 在[name]为[mobile]的元素内输入[u4272320562]
[2018-12-07 12:45:16,460] - selse_feng.py - 111 - 页面对象 - INFO - 在[xpath]为[//*[@id="ng-app"]/body/div[15]/div/div/div[4]/form/div[3]/input]的元素内输入[aaaa1111]
[2018-12-07 12:45:16,562] - selse_feng.py - 144 - 页面对象 - INFO - 点击[xpath]为[//*[@id="ng-app"]/body/div[15]/div/div/div[4]/form/div[7]/button[1]]的元素
[2018-12-07 12:45:16,563] - selse_feng.py - 214 - 页面对象 - INFO - 进入get_text()方法
[2018-12-07 12:45:16,649] - selse_feng.py - 222 - 页面对象 - INFO - 获取[xpath]为[//*[@id="ng-app"]/body/div[15]/div/div/div[4]/form/div[1]/span[2]]元素的文本值,return:[请输入正确的手机号]
[2018-12-07 12:45:16,668] - login_obj.py - 40 - 登陆页面对象 - INFO - 调用login()结束；return:[请输入正确的手机号]
[2018-12-07 12:45:16,679] - login_test.py - 22 - 登陆测试 - INFO - 断言预期结果:[请输入正确的手机号]是否等于实际结果:[请输入正确的手机号]
[2018-12-07 12:45:16,680] - selse_feng.py - 242 - 页面对象 - INFO - 获取当前窗口的截图保存为一个base64编码的字符串。
[2018-12-07 12:45:17,525] - selse_feng.py - 191 - 页面对象 - INFO - 关闭浏览器
[2018-12-07 12:45:25,582] - test_star_end.py - 17 - 初始化 - INFO - 启动
[2018-12-07 12:45:25,608] - login_obj.py - 29 - 登陆页面对象 - INFO - 调用login()
[2018-12-07 12:45:25,619] - selse_feng.py - 95 - 页面对象 - INFO - 打开网页[https://www.yunqueyi.com/]
[2018-12-07 12:45:39,126] - selse_feng.py - 99 - 页面对象 - INFO - 最大化浏览器
[2018-12-07 12:45:40,459] - selse_feng.py - 144 - 页面对象 - INFO - 点击[xpath]为[//*[@id="login"]/li[1]/span]的元素
[2018-12-07 12:45:41,689] - selse_feng.py - 111 - 页面对象 - INFO - 在[name]为[mobile]的元素内输入[]
[2018-12-07 12:45:41,878] - selse_feng.py - 111 - 页面对象 - INFO - 在[xpath]为[//*[@id="ng-app"]/body/div[15]/div/div/div[4]/form/div[3]/input]的元素内输入[aaaa1111]
[2018-12-07 12:45:41,967] - selse_feng.py - 144 - 页面对象 - INFO - 点击[xpath]为[//*[@id="ng-app"]/body/div[15]/div/div/div[4]/form/div[7]/button[1]]的元素
[2018-12-07 12:45:41,967] - selse_feng.py - 214 - 页面对象 - INFO - 进入get_text()方法
[2018-12-07 12:45:42,046] - selse_feng.py - 222 - 页面对象 - INFO - 获取[xpath]为[//*[@id="ng-app"]/body/div[15]/div/div/div[4]/form/div[1]/span[2]]元素的文本值,return:[请输入手机号]
[2018-12-07 12:45:42,058] - login_obj.py - 40 - 登陆页面对象 - INFO - 调用login()结束；return:[请输入手机号]
[2018-12-07 12:45:42,066] - login_test.py - 22 - 登陆测试 - INFO - 断言预期结果:[请输入手机号]是否等于实际结果:[请输入手机号]
[2018-12-07 12:45:42,066] - selse_feng.py - 242 - 页面对象 - INFO - 获取当前窗口的截图保存为一个base64编码的字符串。
[2018-12-07 12:45:42,814] - selse_feng.py - 191 - 页面对象 - INFO - 关闭浏览器
[2018-12-07 12:45:50,819] - test_star_end.py - 17 - 初始化 - INFO - 启动
[2018-12-07 12:45:50,836] - login_obj.py - 29 - 登陆页面对象 - INFO - 调用login()
[2018-12-07 12:45:50,842] - selse_feng.py - 95 - 页面对象 - INFO - 打开网页[https://www.yunqueyi.com/]
[2018-12-07 12:45:51,991] - selse_feng.py - 99 - 页面对象 - INFO - 最大化浏览器
[2018-12-07 12:45:53,375] - selse_feng.py - 144 - 页面对象 - INFO - 点击[xpath]为[//*[@id="login"]/li[1]/span]的元素
[2018-12-07 12:45:54,714] - selse_feng.py - 111 - 页面对象 - INFO - 在[name]为[mobile]的元素内输入[15607241351]
[2018-12-07 12:45:54,940] - selse_feng.py - 111 - 页面对象 - INFO - 在[xpath]为[//*[@id="ng-app"]/body/div[15]/div/div/div[4]/form/div[3]/input]的元素内输入[liwanlei11]
[2018-12-07 12:45:55,040] - selse_feng.py - 144 - 页面对象 - INFO - 点击[xpath]为[//*[@id="ng-app"]/body/div[15]/div/div/div[4]/form/div[7]/button[1]]的元素
[2018-12-07 12:45:55,041] - selse_feng.py - 214 - 页面对象 - INFO - 进入get_text()方法
[2018-12-07 12:45:58,192] - selse_feng.py - 219 - 页面对象 - INFO - 获取[xpath]为[//*[@id="ng-app"]/body/div[15]/div/div/div[4]/form/div[3]/span[4]]元素的文本值,return:[手机号或密码不正确！]
[2018-12-07 12:45:58,206] - login_obj.py - 44 - 登陆页面对象 - INFO - 调用login()结束；return:[手机号或密码不正确！]
[2018-12-07 12:45:58,218] - login_test.py - 22 - 登陆测试 - INFO - 断言预期结果:[手机号或密码不正确！]是否等于实际结果:[手机号或密码不正确！]
[2018-12-07 12:45:58,219] - selse_feng.py - 242 - 页面对象 - INFO - 获取当前窗口的截图保存为一个base64编码的字符串。
[2018-12-07 12:45:58,886] - selse_feng.py - 191 - 页面对象 - INFO - 关闭浏览器
[2018-12-07 12:46:06,875] - test_star_end.py - 17 - 初始化 - INFO - 启动
[2018-12-07 12:46:06,890] - login_obj.py - 29 - 登陆页面对象 - INFO - 调用login()
[2018-12-07 12:46:06,907] - selse_feng.py - 95 - 页面对象 - INFO - 打开网页[https://www.yunqueyi.com/]
[2018-12-07 12:46:07,797] - selse_feng.py - 99 - 页面对象 - INFO - 最大化浏览器
[2018-12-07 12:46:09,123] - selse_feng.py - 144 - 页面对象 - INFO - 点击[xpath]为[//*[@id="login"]/li[1]/span]的元素
[2018-12-07 12:46:10,463] - selse_feng.py - 111 - 页面对象 - INFO - 在[name]为[mobile]的元素内输入[15607241351]
[2018-12-07 12:46:10,652] - selse_feng.py - 111 - 页面对象 - INFO - 在[xpath]为[//*[@id="ng-app"]/body/div[15]/div/div/div[4]/form/div[3]/input]的元素内输入[]
[2018-12-07 12:46:10,746] - selse_feng.py - 144 - 页面对象 - INFO - 点击[xpath]为[//*[@id="ng-app"]/body/div[15]/div/div/div[4]/form/div[7]/button[1]]的元素
[2018-12-07 12:46:10,746] - selse_feng.py - 214 - 页面对象 - INFO - 进入get_text()方法
[2018-12-07 12:46:10,855] - selse_feng.py - 222 - 页面对象 - INFO - 获取[xpath]为[//*[@id="ng-app"]/body/div[15]/div/div/div[4]/form/div[3]/span[4]]元素的文本值,return:[请输入密码]
[2018-12-07 12:46:10,870] - login_obj.py - 44 - 登陆页面对象 - INFO - 调用login()结束；return:[请输入密码]
[2018-12-07 12:46:10,883] - login_test.py - 22 - 登陆测试 - INFO - 断言预期结果:[请输入密码]是否等于实际结果:[请输入密码]
[2018-12-07 12:46:10,883] - selse_feng.py - 242 - 页面对象 - INFO - 获取当前窗口的截图保存为一个base64编码的字符串。
[2018-12-07 12:46:11,694] - selse_feng.py - 191 - 页面对象 - INFO - 关闭浏览器
[2018-12-07 12:46:20,134] - test_star_end.py - 17 - 初始化 - INFO - 启动
[2018-12-07 12:46:20,173] - login_obj.py - 29 - 登陆页面对象 - INFO - 调用login()
[2018-12-07 12:46:20,173] - selse_feng.py - 95 - 页面对象 - INFO - 打开网页[https://www.yunqueyi.com/]
[2018-12-07 12:46:21,022] - selse_feng.py - 99 - 页面对象 - INFO - 最大化浏览器
[2018-12-07 12:46:22,375] - selse_feng.py - 144 - 页面对象 - INFO - 点击[xpath]为[//*[@id="login"]/li[1]/span]的元素
[2018-12-07 12:46:23,702] - selse_feng.py - 111 - 页面对象 - INFO - 在[name]为[mobile]的元素内输入[15607241351]
[2018-12-07 12:46:23,853] - selse_feng.py - 111 - 页面对象 - INFO - 在[xpath]为[//*[@id="ng-app"]/body/div[15]/div/div/div[4]/form/div[3]/input]的元素内输入[aaa111]
[2018-12-07 12:46:23,947] - selse_feng.py - 144 - 页面对象 - INFO - 点击[xpath]为[//*[@id="ng-app"]/body/div[15]/div/div/div[4]/form/div[7]/button[1]]的元素
[2018-12-07 12:46:23,948] - selse_feng.py - 157 - 页面对象 - INFO - 鼠标移动到[id]为[personalImgUrl]的元素
[2018-12-07 12:46:24,012] - selse_feng.py - 214 - 页面对象 - INFO - 进入get_text()方法
[2018-12-07 12:46:39,571] - selse_feng.py - 225 - 页面对象 - ERROR - clear_send_key()方法执行失败，原因TimeoutException:Message: 

[2018-12-07 12:46:39,571] - login_obj.py - 49 - 登陆页面对象 - INFO - 调用login()结束；return:[None]
[2018-12-07 12:46:39,577] - login_test.py - 22 - 登陆测试 - INFO - 断言预期结果:[个人资料]是否等于实际结果:[None]
[2018-12-07 12:46:39,577] - selse_feng.py - 242 - 页面对象 - INFO - 获取当前窗口的截图保存为一个base64编码的字符串。
[2018-12-07 12:46:40,182] - selse_feng.py - 191 - 页面对象 - INFO - 关闭浏览器
[2018-12-07 12:49:53,041] - gettestdata.py - 35 - 获取数据 - INFO - 获取C:\Users\PicaHealth\Desktop\pica_test-master\data\case.xlsx内第1个sheet(工作表)的测试数据
[2018-12-07 12:49:53,042] - gettestdata.py - 36 - 获取数据 - INFO - 测试数据listdata：[{'module': '登录', 'id': 'login1', 'username': 'u4272320562', 'pwd': 'aaaa1111', 'suc': 'name_err', 'assert': '请输入正确的手机号'}, {'module': '登录', 'id': 'login2', 'username': '', 'pwd': 'aaaa1111', 'suc': 'name_err', 'assert': '请输入手机号'}, {'module': '登录', 'id': 'login3', 'username': '15607241351', 'pwd': 'liwanlei11', 'suc': 'pwd_err', 'assert': '手机号或密码不正确！'}, {'module': '登录', 'id': 'login4', 'username': '15607241351', 'pwd': '', 'suc': 'pwd_err', 'assert': '请输入密码'}, {'module': '登录', 'id': 'login5', 'username': '15607241351', 'pwd': 'aaa111', 'suc': 'succeed', 'assert': '个人资料'}]
[2018-12-07 12:49:57,853] - test_star_end.py - 17 - 初始化 - INFO - 启动
[2018-12-07 12:49:57,872] - login_obj.py - 29 - 登陆页面对象 - INFO - 调用login()
[2018-12-07 12:49:57,878] - selse_feng.py - 95 - 页面对象 - INFO - 打开网页[https://www.yunqueyi.com/]
[2018-12-07 12:49:58,870] - selse_feng.py - 99 - 页面对象 - INFO - 最大化浏览器
[2018-12-07 12:50:00,269] - selse_feng.py - 144 - 页面对象 - INFO - 点击[xpath]为[//*[@id="login"]/li[1]/span]的元素
[2018-12-07 12:50:01,656] - selse_feng.py - 111 - 页面对象 - INFO - 在[name]为[mobile]的元素内输入[u4272320562]
[2018-12-07 12:50:01,842] - selse_feng.py - 111 - 页面对象 - INFO - 在[xpath]为[//*[@id="ng-app"]/body/div[15]/div/div/div[4]/form/div[3]/input]的元素内输入[aaaa1111]
[2018-12-07 12:50:01,948] - selse_feng.py - 144 - 页面对象 - INFO - 点击[xpath]为[//*[@id="ng-app"]/body/div[15]/div/div/div[4]/form/div[7]/button[1]]的元素
[2018-12-07 12:50:01,948] - selse_feng.py - 216 - 页面对象 - INFO - 进入get_text()方法
[2018-12-07 12:50:02,056] - selse_feng.py - 224 - 页面对象 - INFO - 获取[xpath]为[//*[@id="ng-app"]/body/div[15]/div/div/div[4]/form/div[1]/span[2]]元素的文本值,return:[请输入正确的手机号]
[2018-12-07 12:50:02,073] - login_obj.py - 40 - 登陆页面对象 - INFO - 调用login()结束；return:[请输入正确的手机号]
[2018-12-07 12:50:02,082] - login_test.py - 22 - 登陆测试 - INFO - 断言预期结果:[请输入正确的手机号]是否等于实际结果:[请输入正确的手机号]
[2018-12-07 12:50:02,082] - selse_feng.py - 244 - 页面对象 - INFO - 获取当前窗口的截图保存为一个base64编码的字符串。
[2018-12-07 12:50:03,006] - selse_feng.py - 193 - 页面对象 - INFO - 关闭浏览器
[2018-12-07 12:50:10,996] - test_star_end.py - 17 - 初始化 - INFO - 启动
[2018-12-07 12:50:11,012] - login_obj.py - 29 - 登陆页面对象 - INFO - 调用login()
[2018-12-07 12:50:11,018] - selse_feng.py - 95 - 页面对象 - INFO - 打开网页[https://www.yunqueyi.com/]
[2018-12-07 12:50:12,004] - selse_feng.py - 99 - 页面对象 - INFO - 最大化浏览器
[2018-12-07 12:50:13,384] - selse_feng.py - 144 - 页面对象 - INFO - 点击[xpath]为[//*[@id="login"]/li[1]/span]的元素
[2018-12-07 12:50:14,626] - selse_feng.py - 111 - 页面对象 - INFO - 在[name]为[mobile]的元素内输入[]
[2018-12-07 12:50:14,837] - selse_feng.py - 111 - 页面对象 - INFO - 在[xpath]为[//*[@id="ng-app"]/body/div[15]/div/div/div[4]/form/div[3]/input]的元素内输入[aaaa1111]
[2018-12-07 12:50:14,926] - selse_feng.py - 144 - 页面对象 - INFO - 点击[xpath]为[//*[@id="ng-app"]/body/div[15]/div/div/div[4]/form/div[7]/button[1]]的元素
[2018-12-07 12:50:14,926] - selse_feng.py - 216 - 页面对象 - INFO - 进入get_text()方法
[2018-12-07 12:50:15,012] - selse_feng.py - 224 - 页面对象 - INFO - 获取[xpath]为[//*[@id="ng-app"]/body/div[15]/div/div/div[4]/form/div[1]/span[2]]元素的文本值,return:[请输入手机号]
[2018-12-07 12:50:15,026] - login_obj.py - 40 - 登陆页面对象 - INFO - 调用login()结束；return:[请输入手机号]
[2018-12-07 12:50:15,037] - login_test.py - 22 - 登陆测试 - INFO - 断言预期结果:[请输入手机号]是否等于实际结果:[请输入手机号]
[2018-12-07 12:50:15,037] - selse_feng.py - 244 - 页面对象 - INFO - 获取当前窗口的截图保存为一个base64编码的字符串。
[2018-12-07 12:50:15,915] - selse_feng.py - 193 - 页面对象 - INFO - 关闭浏览器
[2018-12-07 12:50:23,957] - test_star_end.py - 17 - 初始化 - INFO - 启动
[2018-12-07 12:50:23,976] - login_obj.py - 29 - 登陆页面对象 - INFO - 调用login()
[2018-12-07 12:50:23,976] - selse_feng.py - 95 - 页面对象 - INFO - 打开网页[https://www.yunqueyi.com/]
[2018-12-07 12:50:24,847] - selse_feng.py - 99 - 页面对象 - INFO - 最大化浏览器
[2018-12-07 12:50:26,188] - selse_feng.py - 144 - 页面对象 - INFO - 点击[xpath]为[//*[@id="login"]/li[1]/span]的元素
[2018-12-07 12:50:27,533] - selse_feng.py - 111 - 页面对象 - INFO - 在[name]为[mobile]的元素内输入[15607241351]
[2018-12-07 12:50:27,717] - selse_feng.py - 111 - 页面对象 - INFO - 在[xpath]为[//*[@id="ng-app"]/body/div[15]/div/div/div[4]/form/div[3]/input]的元素内输入[liwanlei11]
[2018-12-07 12:50:27,812] - selse_feng.py - 144 - 页面对象 - INFO - 点击[xpath]为[//*[@id="ng-app"]/body/div[15]/div/div/div[4]/form/div[7]/button[1]]的元素
[2018-12-07 12:50:27,812] - selse_feng.py - 216 - 页面对象 - INFO - 进入get_text()方法
[2018-12-07 12:50:30,895] - selse_feng.py - 221 - 页面对象 - INFO - 获取[xpath]为[//*[@id="ng-app"]/body/div[15]/div/div/div[4]/form/div[3]/span[4]]元素的文本值,return:[手机号或密码不正确！]
[2018-12-07 12:50:30,924] - login_obj.py - 44 - 登陆页面对象 - INFO - 调用login()结束；return:[手机号或密码不正确！]
[2018-12-07 12:50:30,934] - login_test.py - 22 - 登陆测试 - INFO - 断言预期结果:[手机号或密码不正确！]是否等于实际结果:[手机号或密码不正确！]
[2018-12-07 12:50:30,935] - selse_feng.py - 244 - 页面对象 - INFO - 获取当前窗口的截图保存为一个base64编码的字符串。
[2018-12-07 12:50:31,584] - selse_feng.py - 193 - 页面对象 - INFO - 关闭浏览器
[2018-12-07 12:50:39,570] - test_star_end.py - 17 - 初始化 - INFO - 启动
[2018-12-07 12:50:39,587] - login_obj.py - 29 - 登陆页面对象 - INFO - 调用login()
[2018-12-07 12:50:39,594] - selse_feng.py - 95 - 页面对象 - INFO - 打开网页[https://www.yunqueyi.com/]
[2018-12-07 12:50:40,466] - selse_feng.py - 99 - 页面对象 - INFO - 最大化浏览器
[2018-12-07 12:50:41,778] - selse_feng.py - 144 - 页面对象 - INFO - 点击[xpath]为[//*[@id="login"]/li[1]/span]的元素
[2018-12-07 12:50:43,100] - selse_feng.py - 111 - 页面对象 - INFO - 在[name]为[mobile]的元素内输入[15607241351]
[2018-12-07 12:50:43,219] - selse_feng.py - 111 - 页面对象 - INFO - 在[xpath]为[//*[@id="ng-app"]/body/div[15]/div/div/div[4]/form/div[3]/input]的元素内输入[]
[2018-12-07 12:50:43,310] - selse_feng.py - 144 - 页面对象 - INFO - 点击[xpath]为[//*[@id="ng-app"]/body/div[15]/div/div/div[4]/form/div[7]/button[1]]的元素
[2018-12-07 12:50:43,310] - selse_feng.py - 216 - 页面对象 - INFO - 进入get_text()方法
[2018-12-07 12:50:43,379] - selse_feng.py - 224 - 页面对象 - INFO - 获取[xpath]为[//*[@id="ng-app"]/body/div[15]/div/div/div[4]/form/div[3]/span[4]]元素的文本值,return:[请输入密码]
[2018-12-07 12:50:43,390] - login_obj.py - 44 - 登陆页面对象 - INFO - 调用login()结束；return:[请输入密码]
[2018-12-07 12:50:43,398] - login_test.py - 22 - 登陆测试 - INFO - 断言预期结果:[请输入密码]是否等于实际结果:[请输入密码]
[2018-12-07 12:50:43,399] - selse_feng.py - 244 - 页面对象 - INFO - 获取当前窗口的截图保存为一个base64编码的字符串。
[2018-12-07 12:50:44,192] - selse_feng.py - 193 - 页面对象 - INFO - 关闭浏览器
[2018-12-07 12:50:52,180] - test_star_end.py - 17 - 初始化 - INFO - 启动
[2018-12-07 12:50:52,204] - login_obj.py - 29 - 登陆页面对象 - INFO - 调用login()
[2018-12-07 12:50:52,211] - selse_feng.py - 95 - 页面对象 - INFO - 打开网页[https://www.yunqueyi.com/]
[2018-12-07 12:51:05,688] - selse_feng.py - 99 - 页面对象 - INFO - 最大化浏览器
[2018-12-07 12:51:06,964] - selse_feng.py - 144 - 页面对象 - INFO - 点击[xpath]为[//*[@id="login"]/li[1]/span]的元素
[2018-12-07 12:51:08,319] - selse_feng.py - 111 - 页面对象 - INFO - 在[name]为[mobile]的元素内输入[15607241351]
[2018-12-07 12:51:08,472] - selse_feng.py - 111 - 页面对象 - INFO - 在[xpath]为[//*[@id="ng-app"]/body/div[15]/div/div/div[4]/form/div[3]/input]的元素内输入[aaa111]
[2018-12-07 12:51:08,556] - selse_feng.py - 144 - 页面对象 - INFO - 点击[xpath]为[//*[@id="ng-app"]/body/div[15]/div/div/div[4]/form/div[7]/button[1]]的元素
[2018-12-07 12:51:10,556] - selse_feng.py - 158 - 页面对象 - INFO - 进入move_element()方法
[2018-12-07 12:51:10,596] - selse_feng.py - 161 - 页面对象 - INFO - 鼠标移动到[id]为[personalImgUrl]的元素
[2018-12-07 12:51:10,596] - selse_feng.py - 216 - 页面对象 - INFO - 进入get_text()方法
[2018-12-07 12:51:10,667] - selse_feng.py - 224 - 页面对象 - INFO - 获取[link_text]为[个人资料]元素的文本值,return:[个人资料]
[2018-12-07 12:51:10,677] - login_obj.py - 49 - 登陆页面对象 - INFO - 调用login()结束；return:[个人资料]
[2018-12-07 12:51:10,683] - login_test.py - 22 - 登陆测试 - INFO - 断言预期结果:[个人资料]是否等于实际结果:[个人资料]
[2018-12-07 12:51:10,683] - selse_feng.py - 244 - 页面对象 - INFO - 获取当前窗口的截图保存为一个base64编码的字符串。
[2018-12-07 12:51:11,239] - selse_feng.py - 193 - 页面对象 - INFO - 关闭浏览器
[2018-12-07 12:58:43,491] - gettestdata.py - 35 - 获取数据 - INFO - 获取C:\Users\PicaHealth\Desktop\pica_test-master\data\case.xlsx内第1个sheet(工作表)的测试数据
[2018-12-07 12:58:43,492] - gettestdata.py - 36 - 获取数据 - INFO - 测试数据listdata：[{'module': '登录', 'id': 'login1', 'username': 'u4272320562', 'pwd': 'aaaa1111', 'suc': 'name_err', 'assert': '请输入正确的手机号'}, {'module': '登录', 'id': 'login2', 'username': '', 'pwd': 'aaaa1111', 'suc': 'name_err', 'assert': '请输入手机号'}, {'module': '登录', 'id': 'login3', 'username': '15607241351', 'pwd': 'liwanlei11', 'suc': 'pwd_err', 'assert': '手机号或密码不正确！'}, {'module': '登录', 'id': 'login4', 'username': '15607241351', 'pwd': '', 'suc': 'pwd_err', 'assert': '请输入密码'}, {'module': '登录', 'id': 'login5', 'username': '15607241351', 'pwd': 'aaa111', 'suc': 'succeed', 'assert': '个人资料'}]
[2018-12-07 12:58:48,200] - test_star_end.py - 17 - 初始化 - INFO - 启动
[2018-12-07 12:58:48,219] - login_obj.py - 29 - 登陆页面对象 - INFO - 调用login()
[2018-12-07 12:58:48,225] - selse_feng.py - 95 - 页面对象 - INFO - 打开网页[https://www.yunqueyi.com/]
[2018-12-07 12:58:49,188] - selse_feng.py - 99 - 页面对象 - INFO - 最大化浏览器
[2018-12-07 12:58:50,623] - selse_feng.py - 144 - 页面对象 - INFO - 点击[xpath]为[//*[@id="login"]/li[1]/span]的元素
[2018-12-07 12:58:51,970] - selse_feng.py - 111 - 页面对象 - INFO - 在[name]为[mobile]的元素内输入[u4272320562]
[2018-12-07 12:58:52,168] - selse_feng.py - 111 - 页面对象 - INFO - 在[xpath]为[//*[@id="ng-app"]/body/div[15]/div/div/div[4]/form/div[3]/input]的元素内输入[aaaa1111]
[2018-12-07 12:58:52,285] - selse_feng.py - 144 - 页面对象 - INFO - 点击[xpath]为[//*[@id="ng-app"]/body/div[15]/div/div/div[4]/form/div[7]/button[1]]的元素
[2018-12-07 12:58:52,285] - selse_feng.py - 216 - 页面对象 - INFO - 进入get_text()方法
[2018-12-07 12:58:52,400] - selse_feng.py - 224 - 页面对象 - INFO - 获取[xpath]为[//*[@id="ng-app"]/body/div[15]/div/div/div[4]/form/div[1]/span[2]]元素的文本值,return:[请输入正确的手机号]
[2018-12-07 12:58:52,416] - login_obj.py - 39 - 登陆页面对象 - INFO - 调用login()结束；return:[请输入正确的手机号]
[2018-12-07 12:58:52,425] - login_test.py - 22 - 登陆测试 - INFO - 断言预期结果:[请输入正确的手机号]是否等于实际结果:[请输入正确的手机号]
[2018-12-07 12:58:52,426] - selse_feng.py - 244 - 页面对象 - INFO - 获取当前窗口的截图保存为一个base64编码的字符串。
[2018-12-07 12:58:53,347] - selse_feng.py - 193 - 页面对象 - INFO - 关闭浏览器
[2018-12-07 12:59:01,367] - test_star_end.py - 17 - 初始化 - INFO - 启动
[2018-12-07 12:59:01,392] - login_obj.py - 29 - 登陆页面对象 - INFO - 调用login()
[2018-12-07 12:59:01,401] - selse_feng.py - 95 - 页面对象 - INFO - 打开网页[https://www.yunqueyi.com/]
[2018-12-07 12:59:02,277] - selse_feng.py - 99 - 页面对象 - INFO - 最大化浏览器
[2018-12-07 12:59:03,784] - selse_feng.py - 144 - 页面对象 - INFO - 点击[xpath]为[//*[@id="login"]/li[1]/span]的元素
[2018-12-07 12:59:05,031] - selse_feng.py - 111 - 页面对象 - INFO - 在[name]为[mobile]的元素内输入[]
[2018-12-07 12:59:05,244] - selse_feng.py - 111 - 页面对象 - INFO - 在[xpath]为[//*[@id="ng-app"]/body/div[15]/div/div/div[4]/form/div[3]/input]的元素内输入[aaaa1111]
[2018-12-07 12:59:05,342] - selse_feng.py - 144 - 页面对象 - INFO - 点击[xpath]为[//*[@id="ng-app"]/body/div[15]/div/div/div[4]/form/div[7]/button[1]]的元素
[2018-12-07 12:59:05,342] - selse_feng.py - 216 - 页面对象 - INFO - 进入get_text()方法
[2018-12-07 12:59:05,446] - selse_feng.py - 224 - 页面对象 - INFO - 获取[xpath]为[//*[@id="ng-app"]/body/div[15]/div/div/div[4]/form/div[1]/span[2]]元素的文本值,return:[请输入手机号]
[2018-12-07 12:59:05,465] - login_obj.py - 39 - 登陆页面对象 - INFO - 调用login()结束；return:[请输入手机号]
[2018-12-07 12:59:05,475] - login_test.py - 22 - 登陆测试 - INFO - 断言预期结果:[请输入手机号]是否等于实际结果:[请输入手机号]
[2018-12-07 12:59:05,476] - selse_feng.py - 244 - 页面对象 - INFO - 获取当前窗口的截图保存为一个base64编码的字符串。
[2018-12-07 12:59:06,313] - selse_feng.py - 193 - 页面对象 - INFO - 关闭浏览器
[2018-12-07 12:59:14,352] - test_star_end.py - 17 - 初始化 - INFO - 启动
[2018-12-07 12:59:14,369] - login_obj.py - 29 - 登陆页面对象 - INFO - 调用login()
[2018-12-07 12:59:14,377] - selse_feng.py - 95 - 页面对象 - INFO - 打开网页[https://www.yunqueyi.com/]
[2018-12-07 12:59:27,917] - selse_feng.py - 99 - 页面对象 - INFO - 最大化浏览器
[2018-12-07 12:59:29,174] - selse_feng.py - 144 - 页面对象 - INFO - 点击[xpath]为[//*[@id="login"]/li[1]/span]的元素
[2018-12-07 12:59:30,496] - selse_feng.py - 111 - 页面对象 - INFO - 在[name]为[mobile]的元素内输入[15607241351]
[2018-12-07 12:59:30,669] - selse_feng.py - 111 - 页面对象 - INFO - 在[xpath]为[//*[@id="ng-app"]/body/div[15]/div/div/div[4]/form/div[3]/input]的元素内输入[liwanlei11]
[2018-12-07 12:59:30,754] - selse_feng.py - 144 - 页面对象 - INFO - 点击[xpath]为[//*[@id="ng-app"]/body/div[15]/div/div/div[4]/form/div[7]/button[1]]的元素
[2018-12-07 12:59:30,755] - selse_feng.py - 216 - 页面对象 - INFO - 进入get_text()方法
[2018-12-07 12:59:33,875] - selse_feng.py - 221 - 页面对象 - INFO - -重试-获取[xpath]为[//*[@id="ng-app"]/body/div[15]/div/div/div[4]/form/div[3]/span[4]]元素的文本值,return:[手机号或密码不正确！]
[2018-12-07 12:59:33,890] - login_obj.py - 43 - 登陆页面对象 - INFO - 调用login()结束；return:[手机号或密码不正确！]
[2018-12-07 12:59:33,899] - login_test.py - 22 - 登陆测试 - INFO - 断言预期结果:[手机号或密码不正确！]是否等于实际结果:[手机号或密码不正确！]
[2018-12-07 12:59:33,899] - selse_feng.py - 244 - 页面对象 - INFO - 获取当前窗口的截图保存为一个base64编码的字符串。
[2018-12-07 12:59:34,452] - selse_feng.py - 193 - 页面对象 - INFO - 关闭浏览器
[2018-12-07 12:59:42,439] - test_star_end.py - 17 - 初始化 - INFO - 启动
[2018-12-07 12:59:42,456] - login_obj.py - 29 - 登陆页面对象 - INFO - 调用login()
[2018-12-07 12:59:42,463] - selse_feng.py - 95 - 页面对象 - INFO - 打开网页[https://www.yunqueyi.com/]
[2018-12-07 12:59:56,189] - selse_feng.py - 99 - 页面对象 - INFO - 最大化浏览器
[2018-12-07 12:59:57,472] - selse_feng.py - 144 - 页面对象 - INFO - 点击[xpath]为[//*[@id="login"]/li[1]/span]的元素
[2018-12-07 12:59:58,801] - selse_feng.py - 111 - 页面对象 - INFO - 在[name]为[mobile]的元素内输入[15607241351]
[2018-12-07 12:59:58,899] - selse_feng.py - 111 - 页面对象 - INFO - 在[xpath]为[//*[@id="ng-app"]/body/div[15]/div/div/div[4]/form/div[3]/input]的元素内输入[]
[2018-12-07 12:59:58,972] - selse_feng.py - 144 - 页面对象 - INFO - 点击[xpath]为[//*[@id="ng-app"]/body/div[15]/div/div/div[4]/form/div[7]/button[1]]的元素
[2018-12-07 12:59:58,972] - selse_feng.py - 216 - 页面对象 - INFO - 进入get_text()方法
[2018-12-07 12:59:59,048] - selse_feng.py - 224 - 页面对象 - INFO - 获取[xpath]为[//*[@id="ng-app"]/body/div[15]/div/div/div[4]/form/div[3]/span[4]]元素的文本值,return:[请输入密码]
[2018-12-07 12:59:59,059] - login_obj.py - 43 - 登陆页面对象 - INFO - 调用login()结束；return:[请输入密码]
[2018-12-07 12:59:59,065] - login_test.py - 22 - 登陆测试 - INFO - 断言预期结果:[请输入密码]是否等于实际结果:[请输入密码]
[2018-12-07 12:59:59,065] - selse_feng.py - 244 - 页面对象 - INFO - 获取当前窗口的截图保存为一个base64编码的字符串。
[2018-12-07 12:59:59,829] - selse_feng.py - 193 - 页面对象 - INFO - 关闭浏览器
